 0.150032397E-04  0.138459189E+01  0.235572941E+00  0.387968379E-01  0.100000000E+01  0.000000000E+00  0.000000000E+00  0.166667000E+01  0.000000000E+00  0.100000000E+01  0.100000000E+01  0.000000000E+00  0.102374674E+01
 0.150032397E-01  0.138371126E+01  0.235572941E+00  0.387990468E-01  0.999345366E+00  0.000000000E+00  0.000000000E+00  0.166667000E+01  0.000000000E+00  0.100071203E+01  0.100071203E+01  0.170780924E-02  0.102372529E+01
 0.300199358E-01  0.138145699E+01  0.235974705E+00  0.388052140E-01  0.998648722E+00  0.000000000E+00  0.000000000E+00  0.166667000E+01  0.000000000E+00  0.100156929E+01  0.100156929E+01  0.341715021E-02  0.102366121E+01
 0.450631541E-01  0.137743875E+01  0.236653266E+00  0.388139924E-01  0.997891756E+00  0.000000000E+00  0.000000000E+00  0.166667000E+01  0.000000000E+00  0.100255579E+01  0.100255579E+01  0.512951018E-02  0.102355531E+01
 0.601472587E-01  0.137168947E+01  0.237612949E+00  0.388230713E-01  0.997023343E+00  0.000000000E+00  0.000000000E+00  0.166667000E+01  0.000000000E+00  0.100366374E+01  0.100366374E+01  0.684652422E-02  0.102340895E+01
 0.752867354E-01  0.136429980E+01  0.238800716E+00  0.388291532E-01  0.996025967E+00  0.000000000E+00  0.000000000E+00  0.166667000E+01  0.000000000E+00  0.100482615E+01  0.100482615E+01  0.856984123E-02  0.102322409E+01
 0.904942352E-01  0.135558498E+01  0.240065608E+00  0.388282778E-01  0.994856811E+00  0.000000000E+00  0.000000000E+00  0.166667000E+01  0.000000000E+00  0.100598434E+01  0.100598434E+01  0.103009013E-01  0.102300305E+01
 0.105779628E+00  0.134589505E+01  0.241403669E+00  0.388159949E-01  0.993502912E+00  0.000000000E+00  0.000000000E+00  0.166667000E+01  0.000000000E+00  0.100703658E+01  0.100703658E+01  0.120408278E-01  0.102274848E+01
 0.121150622E+00  0.133547381E+01  0.242781369E+00  0.387872678E-01  0.991882734E+00  0.000000000E+00  0.000000000E+00  0.166667000E+01  0.000000000E+00  0.100793500E+01  0.100793500E+01  0.137904983E-01  0.102246344E+01
 0.136613226E+00  0.132457289E+01  0.244116669E+00  0.387367803E-01  0.990007014E+00  0.000000000E+00  0.000000000E+00  0.166667000E+01  0.000000000E+00  0.100853023E+01  0.100853023E+01  0.155505967E-01  0.102215120E+01
 0.152171457E+00  0.131346207E+01  0.245359133E+00  0.386591369E-01  0.987832976E+00  0.000000000E+00  0.000000000E+00  0.166667000E+01  0.000000000E+00  0.100872388E+01  0.100872388E+01  0.173215802E-01  0.102181515E+01
 0.167834171E+00  0.130238571E+01  0.246452742E+00  0.385489881E-01  0.985320687E+00  0.000000000E+00  0.000000000E+00  0.166667000E+01  0.000000000E+00  0.100841443E+01  0.100841443E+01  0.191044569E-01  0.102145853E+01
 0.183597326E+00  0.129158650E+01  0.247351504E+00  0.384013521E-01  0.982471352E+00  0.000000000E+00  0.000000000E+00  0.166667000E+01  0.000000000E+00  0.100746575E+01  0.100746575E+01  0.208987669E-01  0.102108470E+01
 0.199455257E+00  0.128128661E+01  0.248015772E+00  0.382117898E-01  0.979295970E+00  0.000000000E+00  0.000000000E+00  0.166667000E+01  0.000000000E+00  0.100574315E+01  0.100574315E+01  0.227038651E-01  0.102069683E+01
 0.215403445E+00  0.127167969E+01  0.248417419E+00  0.379765394E-01  0.975793971E+00  0.000000000E+00  0.000000000E+00  0.166667000E+01  0.000000000E+00  0.100313856E+01  0.100313856E+01  0.245192372E-01  0.102029772E+01
 0.231435703E+00  0.126293224E+01  0.248541822E+00  0.376926727E-01  0.971968717E+00  0.000000000E+00  0.000000000E+00  0.166667000E+01  0.000000000E+00  0.999558727E+00  0.999558727E+00  0.263441789E-01  0.101988977E+01
 0.247544384E+00  0.125518279E+01  0.248376518E+00  0.373581899E-01  0.967887037E+00  0.000000000E+00  0.000000000E+00  0.166667000E+01  0.000000000E+00  0.994866533E+00  0.994866533E+00  0.281778198E-01  0.101947494E+01
 0.263720580E+00  0.124854543E+01  0.247924525E+00  0.369720656E-01  0.963674573E+00  0.000000000E+00  0.000000000E+00  0.166667000E+01  0.000000000E+00  0.988887720E+00  0.988887720E+00  0.300191460E-01  0.101905472E+01
 0.279960254E+00  0.124310144E+01  0.247198270E+00  0.365340765E-01  0.959127857E+00  0.000000000E+00  0.000000000E+00  0.166667000E+01  0.000000000E+00  0.981805134E+00  0.981805134E+00  0.318676977E-01  0.101863000E+01
 0.296244392E+00  0.123891755E+01  0.246208805E+00  0.360452982E-01  0.954278121E+00  0.000000000E+00  0.000000000E+00  0.166667000E+01  0.000000000E+00  0.973592736E+00  0.973592736E+00  0.337213108E-01  0.101820158E+01
 0.312561498E+00  0.123603570E+01  0.244981950E+00  0.355074620E-01  0.949085978E+00  0.000000000E+00  0.000000000E+00  0.166667000E+01  0.000000000E+00  0.964312381E+00  0.964312381E+00  0.355786766E-01  0.101776972E+01
 0.328899845E+00  0.123447963E+01  0.243540260E+00  0.349230148E-01  0.943743632E+00  0.000000000E+00  0.000000000E+00  0.166667000E+01  0.000000000E+00  0.953808884E+00  0.953808884E+00  0.374384603E-01  0.101733434E+01
 0.345247607E+00  0.123426073E+01  0.241911451E+00  0.342949861E-01  0.938126243E+00  0.000000000E+00  0.000000000E+00  0.166667000E+01  0.000000000E+00  0.942264903E+00  0.942264903E+00  0.392993156E-01  0.101689513E+01
 0.361592408E+00  0.123537745E+01  0.240121373E+00  0.336268738E-01  0.932206197E+00  0.000000000E+00  0.000000000E+00  0.166667000E+01  0.000000000E+00  0.929775669E+00  0.929775669E+00  0.411598339E-01  0.101645167E+01
 0.377920123E+00  0.123781962E+01  0.238197934E+00  0.329225743E-01  0.925963738E+00  0.000000000E+00  0.000000000E+00  0.166667000E+01  0.000000000E+00  0.916438818E+00  0.916438818E+00  0.430184073E-01  0.101600351E+01
 0.394219939E+00  0.124157089E+01  0.236160275E+00  0.321860490E-01  0.919595979E+00  0.000000000E+00  0.000000000E+00  0.166667000E+01  0.000000000E+00  0.902140694E+00  0.902140694E+00  0.448738050E-01  0.101555013E+01
 0.410480960E+00  0.124661350E+01  0.234032858E+00  0.314213533E-01  0.912914833E+00  0.000000000E+00  0.000000000E+00  0.166667000E+01  0.000000000E+00  0.887152523E+00  0.887152523E+00  0.467247867E-01  0.101509107E+01
 0.426692681E+00  0.125292938E+01  0.231833201E+00  0.306325355E-01  0.905940612E+00  0.000000000E+00  0.000000000E+00  0.166667000E+01  0.000000000E+00  0.871539121E+00  0.871539121E+00  0.485701566E-01  0.101462597E+01
 0.442844994E+00  0.126050117E+01  0.229575136E+00  0.298235733E-01  0.898806724E+00  0.000000000E+00  0.000000000E+00  0.166667000E+01  0.000000000E+00  0.855257779E+00  0.855257779E+00  0.504087642E-01  0.101415460E+01
 0.458923795E+00  0.126931040E+01  0.227272511E+00  0.289985575E-01  0.891416209E+00  0.000000000E+00  0.000000000E+00  0.166667000E+01  0.000000000E+00  0.838493187E+00  0.838493187E+00  0.522390038E-01  0.101367698E+01
 0.474917678E+00  0.127934139E+01  0.224932727E+00  0.281613308E-01  0.883737601E+00  0.000000000E+00  0.000000000E+00  0.166667000E+01  0.000000000E+00  0.821359926E+00  0.821359926E+00  0.540595773E-01  0.101319323E+01
 0.490822354E+00  0.129058695E+01  0.222562207E+00  0.273152177E-01  0.875937946E+00  0.000000000E+00  0.000000000E+00  0.166667000E+01  0.000000000E+00  0.803775927E+00  0.803775927E+00  0.558699965E-01  0.101270343E+01
 0.506629035E+00  0.130304284E+01  0.220164734E+00  0.264636245E-01  0.867852748E+00  0.000000000E+00  0.000000000E+00  0.166667000E+01  0.000000000E+00  0.785971777E+00  0.785971777E+00  0.576692609E-01  0.101220790E+01
 0.522328918E+00  0.131671003E+01  0.217741745E+00  0.256098119E-01  0.859591388E+00  0.000000000E+00  0.000000000E+00  0.166667000E+01  0.000000000E+00  0.767923578E+00  0.767923578E+00  0.594563687E-01  0.101170710E+01
 0.537912917E+00  0.133159402E+01  0.215295232E+00  0.247569144E-01  0.851153721E+00  0.000000000E+00  0.000000000E+00  0.166667000E+01  0.000000000E+00  0.749708063E+00  0.749708063E+00  0.612302854E-01  0.101120162E+01
 0.553371201E+00  0.134770377E+01  0.212824764E+00  0.239079699E-01  0.842517225E+00  0.000000000E+00  0.000000000E+00  0.166667000E+01  0.000000000E+00  0.731421261E+00  0.731421261E+00  0.629898920E-01  0.101069216E+01
 0.568690797E+00  0.136504847E+01  0.210329957E+00  0.230660552E-01  0.833729683E+00  0.000000000E+00  0.000000000E+00  0.166667000E+01  0.000000000E+00  0.713102129E+00  0.713102129E+00  0.647337119E-01  0.101017963E+01
 0.583844916E+00  0.138362273E+01  0.207811412E+00  0.222348695E-01  0.824801616E+00  0.000000000E+00  0.000000000E+00  0.166667000E+01  0.000000000E+00  0.694846303E+00  0.694846303E+00  0.664586956E-01  0.100966546E+01
 0.598819762E+00  0.140343705E+01  0.205268231E+00  0.214172476E-01  0.815740476E+00  0.000000000E+00  0.000000000E+00  0.166667000E+01  0.000000000E+00  0.676729821E+00  0.676729821E+00  0.681632728E-01  0.100915072E+01
 0.613566073E+00  0.142445188E+01  0.202707483E+00  0.206177804E-01  0.806627265E+00  0.000000000E+00  0.000000000E+00  0.166667000E+01  0.000000000E+00  0.658828962E+00  0.658828962E+00  0.698418359E-01  0.100863776E+01
 0.627955780E+00  0.144648843E+01  0.200147177E+00  0.198450178E-01  0.797507798E+00  0.000000000E+00  0.000000000E+00  0.166667000E+01  0.000000000E+00  0.641387103E+00  0.641387103E+00  0.714798072E-01  0.100813179E+01
 0.641525224E+00  0.146874584E+01  0.197674961E+00  0.191246883E-01  0.788756627E+00  0.000000000E+00  0.000000000E+00  0.166667000E+01  0.000000000E+00  0.624964020E+00  0.624964020E+00  0.730244084E-01  0.100765015E+01
 0.652414182E+00  0.148771047E+01  0.195645108E+00  0.185536379E-01  0.781603920E+00  0.000000000E+00  0.000000000E+00  0.166667000E+01  0.000000000E+00  0.611851483E+00  0.611851483E+00  0.742638915E-01  0.100726075E+01
 0.656787041E+00  0.149561681E+01  0.194818588E+00  0.183262684E-01  0.778699370E+00  0.000000000E+00  0.000000000E+00  0.166667000E+01  0.000000000E+00  0.606607657E+00  0.606607657E+00  0.747616513E-01  0.100710369E+01
 0.658039387E+00  0.149791269E+01  0.194580610E+00  0.182613709E-01  0.777864311E+00  0.000000000E+00  0.000000000E+00  0.166667000E+01  0.000000000E+00  0.605108427E+00  0.605108427E+00  0.749042050E-01  0.100705864E+01
 0.658557832E+00  0.149886729E+01  0.194481924E+00  0.182345339E-01  0.777518201E+00  0.000000000E+00  0.000000000E+00  0.166667000E+01  0.000000000E+00  0.604488121E+00  0.604488121E+00  0.749632194E-01  0.100703999E+01
 0.658994972E+00  0.149967407E+01  0.194398636E+00  0.182119189E-01  0.777226185E+00  0.000000000E+00  0.000000000E+00  0.166667000E+01  0.000000000E+00  0.603965252E+00  0.603965252E+00  0.750129787E-01  0.100702425E+01
 0.659297868E+00  0.150023412E+01  0.194340883E+00  0.181962561E-01  0.777023747E+00  0.000000000E+00  0.000000000E+00  0.166667000E+01  0.000000000E+00  0.603603041E+00  0.603603041E+00  0.750474571E-01  0.100701335E+01
 0.659529683E+00  0.150066332E+01  0.194296661E+00  0.181842730E-01  0.776868762E+00  0.000000000E+00  0.000000000E+00  0.166667000E+01  0.000000000E+00  0.603325876E+00  0.603325876E+00  0.750738444E-01  0.100700500E+01
 0.659943823E+00  0.150143128E+01  0.194217601E+00  0.181628735E-01  0.776591763E+00  0.000000000E+00  0.000000000E+00  0.166667000E+01  0.000000000E+00  0.602830820E+00  0.602830820E+00  0.751209858E-01  0.100699008E+01
 0.660683731E+00  0.150280727E+01  0.194076186E+00  0.181246687E-01  0.776096511E+00  0.000000000E+00  0.000000000E+00  0.166667000E+01  0.000000000E+00  0.601946668E+00  0.601946668E+00  0.752052090E-01  0.100696343E+01
 0.662825082E+00  0.150681792E+01  0.193665636E+00  0.180143036E-01  0.774660699E+00  0.000000000E+00  0.000000000E+00  0.166667000E+01  0.000000000E+00  0.599390180E+00  0.599390180E+00  0.754489577E-01  0.100688623E+01
 0.670791952E+00  0.152211822E+01  0.192121557E+00  0.176064299E-01  0.769290352E+00  0.000000000E+00  0.000000000E+00  0.166667000E+01  0.000000000E+00  0.589908542E+00  0.589908542E+00  0.763558214E-01  0.100659829E+01
 0.683026150E+00  0.154682669E+01  0.189702662E+00  0.169890822E-01  0.760947273E+00  0.000000000E+00  0.000000000E+00  0.166667000E+01  0.000000000E+00  0.575465140E+00  0.575465140E+00  0.777484324E-01  0.100615410E+01
 0.696415298E+00  0.157566581E+01  0.186981213E+00  0.163271798E-01  0.751679037E+00  0.000000000E+00  0.000000000E+00  0.166667000E+01  0.000000000E+00  0.559863822E+00  0.559863822E+00  0.792725106E-01  0.100566553E+01
 0.709994847E+00  0.160699547E+01  0.184138257E+00  0.156720373E-01  0.742144997E+00  0.000000000E+00  0.000000000E+00  0.166667000E+01  0.000000000E+00  0.544302541E+00  0.544302541E+00  0.808182621E-01  0.100516793E+01
 0.723525830E+00  0.164048809E+01  0.181216454E+00  0.150369680E-01  0.732542135E+00  0.000000000E+00  0.000000000E+00  0.166667000E+01  0.000000000E+00  0.529092170E+00  0.529092170E+00  0.823584853E-01  0.100467063E+01
 0.736928067E+00  0.167611806E+01  0.178230212E+00  0.144268110E-01  0.722915358E+00  0.000000000E+00  0.000000000E+00  0.166667000E+01  0.000000000E+00  0.514382945E+00  0.514382945E+00  0.838840533E-01  0.100417732E+01
 0.750162725E+00  0.171394566E+01  0.175183927E+00  0.138439478E-01  0.713313998E+00  0.000000000E+00  0.000000000E+00  0.166667000E+01  0.000000000E+00  0.500245136E+00  0.500245136E+00  0.853905461E-01  0.100369028E+01
 0.763202164E+00  0.175405812E+01  0.172084863E+00  0.132897499E-01  0.703810399E+00  0.000000000E+00  0.000000000E+00  0.166667000E+01  0.000000000E+00  0.486703868E+00  0.486703868E+00  0.868748171E-01  0.100321159E+01
 0.776016124E+00  0.179653319E+01  0.168938891E+00  0.127650979E-01  0.694416707E+00  0.000000000E+00  0.000000000E+00  0.166667000E+01  0.000000000E+00  0.473813747E+00  0.473813747E+00  0.883334220E-01  0.100274361E+01
 0.788553703E+00  0.184136808E+01  0.165760534E+00  0.122709085E-01  0.685214801E+00  0.000000000E+00  0.000000000E+00  0.166667000E+01  0.000000000E+00  0.461587089E+00  0.461587089E+00  0.897605667E-01  0.100228981E+01
 0.800687494E+00  0.188822294E+01  0.162584061E+00  0.118098994E-01  0.676311419E+00  0.000000000E+00  0.000000000E+00  0.166667000E+01  0.000000000E+00  0.450093921E+00  0.450093921E+00  0.911417483E-01  0.100185676E+01
 0.811966852E+00  0.193522192E+01  0.159538378E+00  0.113949603E-01  0.668080286E+00  0.000000000E+00  0.000000000E+00  0.166667000E+01  0.000000000E+00  0.439630515E+00  0.439630515E+00  0.924256706E-01  0.100146241E+01
 0.820732587E+00  0.197431605E+01  0.157108395E+00  0.110799054E-01  0.661703468E+00  0.000000000E+00  0.000000000E+00  0.166667000E+01  0.000000000E+00  0.431594905E+00  0.431594905E+00  0.934234686E-01  0.100116364E+01
 0.824315599E+00  0.199100197E+01  0.156099839E+00  0.109526479E-01  0.659114958E+00  0.000000000E+00  0.000000000E+00  0.166667000E+01  0.000000000E+00  0.428313366E+00  0.428313366E+00  0.938313205E-01  0.100104391E+01
 0.825199745E+00  0.199518563E+01  0.155849655E+00  0.109213651E-01  0.658477698E+00  0.000000000E+00  0.000000000E+00  0.166667000E+01  0.000000000E+00  0.427503352E+00  0.427503352E+00  0.939319623E-01  0.100101460E+01
 0.825607266E+00  0.199712298E+01  0.155734161E+00  0.109069613E-01  0.658184124E+00  0.000000000E+00  0.000000000E+00  0.166667000E+01  0.000000000E+00  0.427129964E+00  0.427129964E+00  0.939783502E-01  0.100100112E+01
 0.825867271E+00  0.199836200E+01  0.155660414E+00  0.108977764E-01  0.657996864E+00  0.000000000E+00  0.000000000E+00  0.166667000E+01  0.000000000E+00  0.426891726E+00  0.426891726E+00  0.940079464E-01  0.100099253E+01
 0.826101814E+00  0.199948174E+01  0.155593854E+00  0.108894942E-01  0.657827970E+00  0.000000000E+00  0.000000000E+00  0.166667000E+01  0.000000000E+00  0.426676811E+00  0.426676811E+00  0.940346443E-01  0.100098479E+01
 0.826292603E+00  0.200039397E+01  0.155539682E+00  0.108827592E-01  0.657690602E+00  0.000000000E+00  0.000000000E+00  0.166667000E+01  0.000000000E+00  0.426501982E+00  0.426501982E+00  0.940563617E-01  0.100097850E+01
 0.826459415E+00  0.200119261E+01  0.155492300E+00  0.108768724E-01  0.657570511E+00  0.000000000E+00  0.000000000E+00  0.166667000E+01  0.000000000E+00  0.426349122E+00  0.426349122E+00  0.940753498E-01  0.100097300E+01
 0.826706060E+00  0.200237521E+01  0.155422208E+00  0.108681710E-01  0.657392969E+00  0.000000000E+00  0.000000000E+00  0.166667000E+01  0.000000000E+00  0.426123099E+00  0.426123099E+00  0.941034252E-01  0.100096488E+01
 0.827072191E+00  0.200413463E+01  0.155318087E+00  0.108552603E-01  0.657129460E+00  0.000000000E+00  0.000000000E+00  0.166667000E+01  0.000000000E+00  0.425787566E+00  0.425787566E+00  0.941451016E-01  0.100095284E+01
 0.827902618E+00  0.200814262E+01  0.155081619E+00  0.108260042E-01  0.656531961E+00  0.000000000E+00  0.000000000E+00  0.166667000E+01  0.000000000E+00  0.425026479E+00  0.425026479E+00  0.942396286E-01  0.100092559E+01
 0.830378763E+00  0.202023941E+01  0.154374244E+00  0.107389803E-01  0.654751411E+00  0.000000000E+00  0.000000000E+00  0.166667000E+01  0.000000000E+00  0.422756477E+00  0.422756477E+00  0.945214867E-01  0.100084488E+01
 0.838164156E+00  0.205976020E+01  0.152133502E+00  0.104671806E-01  0.649177151E+00  0.000000000E+00  0.000000000E+00  0.166667000E+01  0.000000000E+00  0.415594855E+00  0.415594855E+00  0.954076929E-01  0.100059661E+01
 0.848564227E+00  0.211638404E+01  0.149111816E+00  0.101074225E-01  0.641849680E+00  0.000000000E+00  0.000000000E+00  0.166667000E+01  0.000000000E+00  0.405892250E+00  0.405892250E+00  0.965915265E-01  0.100027922E+01
 0.859504442E+00  0.218129516E+01  0.145951625E+00  0.973132106E-02  0.634276373E+00  0.000000000E+00  0.000000000E+00  0.166667000E+01  0.000000000E+00  0.395454878E+00  0.395454878E+00  0.978368442E-01  0.999964980E+00
 0.870324556E+00  0.225170482E+01  0.142936127E+00  0.935945122E-02  0.626960231E+00  0.000000000E+00  0.000000000E+00  0.166667000E+01  0.000000000E+00  0.384781391E+00  0.384781391E+00  0.990684909E-01  0.999676170E+00
 0.880760877E+00  0.232640400E+01  0.140265173E+00  0.899811640E-02  0.620187474E+00  0.000000000E+00  0.000000000E+00  0.166667000E+01  0.000000000E+00  0.373966143E+00  0.373966143E+00  0.100256451E+00  0.999420409E+00
 0.890274545E+00  0.240123209E+01  0.138213097E+00  0.866334263E-02  0.614170846E+00  0.000000000E+00  0.000000000E+00  0.166667000E+01  0.000000000E+00  0.363579981E+00  0.363579981E+00  0.101339385E+00  0.999208638E+00
 0.897355004E+00  0.246169361E+01  0.137066604E+00  0.840851735E-02  0.609900187E+00  0.000000000E+00  0.000000000E+00  0.166667000E+01  0.000000000E+00  0.355356552E+00  0.355356552E+00  0.102145350E+00  0.999065426E+00
 0.899985723E+00  0.248530111E+01  0.136754559E+00  0.831213574E-02  0.608356428E+00  0.000000000E+00  0.000000000E+00  0.166667000E+01  0.000000000E+00  0.352174734E+00  0.352174734E+00  0.102444803E+00  0.999015549E+00
 0.900683061E+00  0.249166841E+01  0.136683683E+00  0.828640379E-02  0.607951390E+00  0.000000000E+00  0.000000000E+00  0.166667000E+01  0.000000000E+00  0.351318408E+00  0.351318408E+00  0.102524180E+00  0.999002643E+00
 0.901013875E+00  0.249470538E+01  0.136651876E+00  0.827416809E-02  0.607759945E+00  0.000000000E+00  0.000000000E+00  0.166667000E+01  0.000000000E+00  0.350910153E+00  0.350910153E+00  0.102561837E+00  0.998996567E+00
 0.901216640E+00  0.249657208E+01  0.136632976E+00  0.826665920E-02  0.607642837E+00  0.000000000E+00  0.000000000E+00  0.166667000E+01  0.000000000E+00  0.350659267E+00  0.350659267E+00  0.102584917E+00  0.998992858E+00
 0.901372948E+00  0.249801385E+01  0.136618722E+00  0.826086584E-02  0.607552685E+00  0.000000000E+00  0.000000000E+00  0.166667000E+01  0.000000000E+00  0.350465518E+00  0.350465518E+00  0.102602710E+00  0.998990006E+00
 0.901513320E+00  0.249931064E+01  0.136606157E+00  0.825565949E-02  0.607471817E+00  0.000000000E+00  0.000000000E+00  0.166667000E+01  0.000000000E+00  0.350291265E+00  0.350291265E+00  0.102618688E+00  0.998987451E+00
 0.901645182E+00  0.250053052E+01  0.136594557E+00  0.825076566E-02  0.607395935E+00  0.000000000E+00  0.000000000E+00  0.166667000E+01  0.000000000E+00  0.350127353E+00  0.350127353E+00  0.102633698E+00  0.998985056E+00
 0.901786301E+00  0.250183801E+01  0.136582370E+00  0.824552482E-02  0.607314814E+00  0.000000000E+00  0.000000000E+00  0.166667000E+01  0.000000000E+00  0.349951692E+00  0.349951692E+00  0.102649761E+00  0.998982498E+00
 0.901954844E+00  0.250340211E+01  0.136568119E+00  0.823926086E-02  0.607218052E+00  0.000000000E+00  0.000000000E+00  0.166667000E+01  0.000000000E+00  0.349741565E+00  0.349741565E+00  0.102668946E+00  0.998979450E+00
 0.902194077E+00  0.250562705E+01  0.136548472E+00  0.823036087E-02  0.607080938E+00  0.000000000E+00  0.000000000E+00  0.166667000E+01  0.000000000E+00  0.349442682E+00  0.349442682E+00  0.102696178E+00  0.998975137E+00
 0.902720790E+00  0.251054561E+01  0.136507671E+00  0.821072919E-02  0.606780054E+00  0.000000000E+00  0.000000000E+00  0.166667000E+01  0.000000000E+00  0.348782030E+00  0.348782030E+00  0.102756134E+00  0.998965699E+00
 0.903810380E+00  0.252080877E+01  0.136434464E+00  0.816995212E-02  0.606162220E+00  0.000000000E+00  0.000000000E+00  0.166667000E+01  0.000000000E+00  0.347403601E+00  0.347403601E+00  0.102880161E+00  0.998946424E+00
 0.908278931E+00  0.256418354E+01  0.136306318E+00  0.800013303E-02  0.603700926E+00  0.000000000E+00  0.000000000E+00  0.166667000E+01  0.000000000E+00  0.341569462E+00  0.341569462E+00  0.103388813E+00  0.998870970E+00
 0.916098661E+00  0.264542063E+01  0.136896969E+00  0.769062869E-02  0.599681731E+00  0.000000000E+00  0.000000000E+00  0.166667000E+01  0.000000000E+00  0.330555734E+00  0.330555734E+00  0.104278928E+00  0.998753659E+00
 0.924824791E+00  0.274503958E+01  0.139261601E+00  0.731996756E-02  0.595492115E+00  0.000000000E+00  0.000000000E+00  0.166667000E+01  0.000000000E+00  0.316837669E+00  0.316837669E+00  0.105272218E+00  0.998647129E+00
 0.933359049E+00  0.285289834E+01  0.144119840E+00  0.692052473E-02  0.591373696E+00  0.000000000E+00  0.000000000E+00  0.166667000E+01  0.000000000E+00  0.301634276E+00  0.301634276E+00  0.106243667E+00  0.998571309E+00
 0.940022434E+00  0.294516957E+01  0.150410708E+00  0.657328943E-02  0.587959850E+00  0.000000000E+00  0.000000000E+00  0.166667000E+01  0.000000000E+00  0.288163356E+00  0.288163356E+00  0.107002156E+00  0.998534603E+00
 0.942175465E+00  0.297660889E+01  0.153046296E+00  0.645274146E-02  0.586880548E+00  0.000000000E+00  0.000000000E+00  0.166667000E+01  0.000000000E+00  0.283398938E+00  0.283398938E+00  0.107247234E+00  0.998527461E+00
 0.942861269E+00  0.298679508E+01  0.153956150E+00  0.641336446E-02  0.586550782E+00  0.000000000E+00  0.000000000E+00  0.166667000E+01  0.000000000E+00  0.281827892E+00  0.281827892E+00  0.107325299E+00  0.998525705E+00
 0.943150570E+00  0.299111729E+01  0.154350590E+00  0.639660525E-02  0.586414301E+00  0.000000000E+00  0.000000000E+00  0.166667000E+01  0.000000000E+00  0.281156848E+00  0.281156848E+00  0.107358230E+00  0.998525042E+00
 0.943338681E+00  0.299393568E+01  0.154610499E+00  0.638565990E-02  0.586326335E+00  0.000000000E+00  0.000000000E+00  0.166667000E+01  0.000000000E+00  0.280717865E+00  0.280717865E+00  0.107379642E+00  0.998524635E+00
 0.943467628E+00  0.299587131E+01  0.154790240E+00  0.637813505E-02  0.586266342E+00  0.000000000E+00  0.000000000E+00  0.166667000E+01  0.000000000E+00  0.280415760E+00  0.280415760E+00  0.107394320E+00  0.998524367E+00
 0.943581176E+00  0.299757815E+01  0.154949584E+00  0.637149392E-02  0.586213697E+00  0.000000000E+00  0.000000000E+00  0.166667000E+01  0.000000000E+00  0.280148938E+00  0.280148938E+00  0.107407245E+00  0.998524140E+00
 0.943685360E+00  0.299914637E+01  0.155096679E+00  0.636538806E-02  0.586165529E+00  0.000000000E+00  0.000000000E+00  0.166667000E+01  0.000000000E+00  0.279903468E+00  0.279903468E+00  0.107419105E+00  0.998523937E+00
 0.943786073E+00  0.300066413E+01  0.155239684E+00  0.635947434E-02  0.586119077E+00  0.000000000E+00  0.000000000E+00  0.166667000E+01  0.000000000E+00  0.279665588E+00  0.279665588E+00  0.107430569E+00  0.998523746E+00
 0.943888603E+00  0.300221112E+01  0.155386093E+00  0.635344241E-02  0.586071884E+00  0.000000000E+00  0.000000000E+00  0.166667000E+01  0.000000000E+00  0.279422825E+00  0.279422825E+00  0.107442240E+00  0.998523559E+00
 0.944011345E+00  0.300406564E+01  0.155562467E+00  0.634620623E-02  0.586015503E+00  0.000000000E+00  0.000000000E+00  0.166667000E+01  0.000000000E+00  0.279131433E+00  0.279131433E+00  0.107456211E+00  0.998523341E+00
 0.944173347E+00  0.300651730E+01  0.155797098E+00  0.633662982E-02  0.585941242E+00  0.000000000E+00  0.000000000E+00  0.166667000E+01  0.000000000E+00  0.278745548E+00  0.278745548E+00  0.107474652E+00  0.998523068E+00
 0.944428420E+00  0.301038708E+01  0.156170835E+00  0.632149217E-02  0.585824558E+00  0.000000000E+00  0.000000000E+00  0.166667000E+01  0.000000000E+00  0.278135036E+00  0.278135036E+00  0.107503687E+00  0.998522667E+00
 0.944941460E+00  0.301820566E+01  0.156938735E+00  0.629082181E-02  0.585590031E+00  0.000000000E+00  0.000000000E+00  0.166667000E+01  0.000000000E+00  0.276896444E+00  0.276896444E+00  0.107562086E+00  0.998521973E+00
 0.946645028E+00  0.304450526E+01  0.159650323E+00  0.618676081E-02  0.584793877E+00  0.000000000E+00  0.000000000E+00  0.166667000E+01  0.000000000E+00  0.272686839E+00  0.272686839E+00  0.107756002E+00  0.998520768E+00
 0.951653814E+00  0.312489625E+01  0.169218348E+00  0.585885696E-02  0.581841514E+00  0.000000000E+00  0.000000000E+00  0.166667000E+01  0.000000000E+00  0.259544518E+00  0.259544518E+00  0.108326149E+00  0.998527602E+00
 0.958463666E+00  0.324154290E+01  0.186862694E+00  0.534962203E-02  0.575890280E+00  0.000000000E+00  0.000000000E+00  0.166667000E+01  0.000000000E+00  0.239434661E+00  0.239434661E+00  0.109101310E+00  0.998564805E+00
 0.965595728E+00  0.337206138E+01  0.212826849E+00  0.471452746E-02  0.565040214E+00  0.000000000E+00  0.000000000E+00  0.166667000E+01  0.000000000E+00  0.215061406E+00  0.215061406E+00  0.109913148E+00  0.998644774E+00
 0.970000797E+00  0.345593542E+01  0.233768996E+00  0.425577202E-02  0.553525943E+00  0.000000000E+00  0.000000000E+00  0.166667000E+01  0.000000000E+00  0.198172799E+00  0.198172799E+00  0.110414574E+00  0.998719157E+00
 0.971165279E+00  0.347832417E+01  0.240038687E+00  0.412444007E-02  0.549502506E+00  0.000000000E+00  0.000000000E+00  0.166667000E+01  0.000000000E+00  0.193463477E+00  0.193463477E+00  0.110547126E+00  0.998742445E+00
 0.971585582E+00  0.348641017E+01  0.242382198E+00  0.407591285E-02  0.547926913E+00  0.000000000E+00  0.000000000E+00  0.166667000E+01  0.000000000E+00  0.191736999E+00  0.191736999E+00  0.110594969E+00  0.998751248E+00
 0.971811704E+00  0.349076025E+01  0.243660944E+00  0.404955200E-02  0.547050538E+00  0.000000000E+00  0.000000000E+00  0.166667000E+01  0.000000000E+00  0.190802122E+00  0.190802122E+00  0.110620708E+00  0.998756073E+00
 0.971976515E+00  0.349393060E+01  0.244600928E+00  0.403022577E-02  0.546398802E+00  0.000000000E+00  0.000000000E+00  0.166667000E+01  0.000000000E+00  0.190118031E+00  0.190118031E+00  0.110639469E+00  0.998759630E+00
 0.972072474E+00  0.349577628E+01  0.245151314E+00  0.401892930E-02  0.546014221E+00  0.000000000E+00  0.000000000E+00  0.166667000E+01  0.000000000E+00  0.189718674E+00  0.189718674E+00  0.110650392E+00  0.998761716E+00
 0.972159687E+00  0.349745366E+01  0.245653530E+00  0.400863395E-02  0.545661383E+00  0.000000000E+00  0.000000000E+00  0.166667000E+01  0.000000000E+00  0.189355032E+00  0.189355032E+00  0.110660319E+00  0.998763622E+00
 0.972247926E+00  0.349915063E+01  0.246163574E+00  0.399819010E-02  0.545301170E+00  0.000000000E+00  0.000000000E+00  0.166667000E+01  0.000000000E+00  0.188986455E+00  0.188986455E+00  0.110670363E+00  0.998765559E+00
 0.972334613E+00  0.350081759E+01  0.246666544E+00  0.398790269E-02  0.544944101E+00  0.000000000E+00  0.000000000E+00  0.166667000E+01  0.000000000E+00  0.188623703E+00  0.188623703E+00  0.110680231E+00  0.998767473E+00
 0.972420033E+00  0.350246003E+01  0.247163996E+00  0.397773939E-02  0.544589139E+00  0.000000000E+00  0.000000000E+00  0.166667000E+01  0.000000000E+00  0.188265620E+00  0.188265620E+00  0.110689954E+00  0.998769367E+00
 0.972506477E+00  0.350412194E+01  0.247669272E+00  0.396742744E-02  0.544226746E+00  0.000000000E+00  0.000000000E+00  0.166667000E+01  0.000000000E+00  0.187902596E+00  0.187902596E+00  0.110699794E+00  0.998771294E+00
 0.972592921E+00  0.350578377E+01  0.248176428E+00  0.395708850E-02  0.543861137E+00  0.000000000E+00  0.000000000E+00  0.166667000E+01  0.000000000E+00  0.187538918E+00  0.187538918E+00  0.110709634E+00  0.998773230E+00
 0.972808121E+00  0.350991983E+01  0.249447134E+00  0.393123213E-02  0.542936834E+00  0.000000000E+00  0.000000000E+00  0.166667000E+01  0.000000000E+00  0.186630686E+00  0.186630686E+00  0.110734130E+00  0.998778090E+00
 0.973045800E+00  0.351448613E+01  0.250864117E+00  0.390247772E-02  0.541892168E+00  0.000000000E+00  0.000000000E+00  0.166667000E+01  0.000000000E+00  0.185622761E+00  0.185622761E+00  0.110761185E+00  0.998783527E+00
 0.973504940E+00  0.352330087E+01  0.253640607E+00  0.384633674E-02  0.539801450E+00  0.000000000E+00  0.000000000E+00  0.166667000E+01  0.000000000E+00  0.183660992E+00  0.183660992E+00  0.110813448E+00  0.998794236E+00
 0.974708568E+00  0.354635650E+01  0.261146065E+00  0.369531662E-02  0.533841047E+00  0.000000000E+00  0.000000000E+00  0.166667000E+01  0.000000000E+00  0.178419928E+00  0.178419928E+00  0.110950457E+00  0.998823659E+00
 0.978778401E+00  0.362358584E+01  0.287860209E+00  0.313631753E-02  0.507723477E+00  0.000000000E+00  0.000000000E+00  0.166667000E+01  0.000000000E+00  0.159219571E+00  0.159219571E+00  0.111413723E+00  0.998941953E+00
 0.984597409E+00  0.373687961E+01  0.315482933E+00  0.215609137E-02  0.450489672E+00  0.000000000E+00  0.000000000E+00  0.166667000E+01  0.000000000E+00  0.123363304E+00  0.123363304E+00  0.112076097E+00  0.999203494E+00
 0.989033101E+00  0.384539451E+01  0.293862658E+00  0.127901932E-02  0.389918365E+00  0.000000000E+00  0.000000000E+00  0.166667000E+01  0.000000000E+00  0.845487290E-01  0.845487290E-01  0.112581009E+00  0.999494970E+00
 0.991127484E+00  0.391553072E+01  0.258492075E+00  0.869714382E-03  0.357337039E+00  0.000000000E+00  0.000000000E+00  0.166667000E+01  0.000000000E+00  0.627338999E-01  0.627338999E-01  0.112819411E+00  0.999646274E+00
 0.991760671E+00  0.394078261E+01  0.243294865E+00  0.753242482E-03  0.347148272E+00  0.000000000E+00  0.000000000E+00  0.166667000E+01  0.000000000E+00  0.559272502E-01  0.559272502E-01  0.112891487E+00  0.999691077E+00
 0.992004966E+00  0.395115525E+01  0.236837964E+00  0.709701947E-03  0.343184320E+00  0.000000000E+00  0.000000000E+00  0.166667000E+01  0.000000000E+00  0.533030708E-01  0.533030708E-01  0.112919295E+00  0.999708038E+00
 0.992198289E+00  0.395963590E+01  0.231503922E+00  0.675870780E-03  0.340035848E+00  0.000000000E+00  0.000000000E+00  0.166667000E+01  0.000000000E+00  0.512321564E-01  0.512321564E-01  0.112941300E+00  0.999721299E+00
 0.992281443E+00  0.396336079E+01  0.229150494E+00  0.661497813E-03  0.338678647E+00  0.000000000E+00  0.000000000E+00  0.166667000E+01  0.000000000E+00  0.503435998E-01  0.503435998E-01  0.112950766E+00  0.999726955E+00
 0.992364596E+00  0.396713357E+01  0.226762288E+00  0.647236292E-03  0.337319747E+00  0.000000000E+00  0.000000000E+00  0.166667000E+01  0.000000000E+00  0.494566579E-01  0.494566579E-01  0.112960231E+00  0.999732581E+00
 0.992447750E+00  0.397095526E+01  0.224339842E+00  0.633088785E-03  0.335959204E+00  0.000000000E+00  0.000000000E+00  0.166667000E+01  0.000000000E+00  0.485715257E-01  0.485715257E-01  0.112969696E+00  0.999738176E+00
 0.992530904E+00  0.397482685E+01  0.221883687E+00  0.619057838E-03  0.334597074E+00  0.000000000E+00  0.000000000E+00  0.166667000E+01  0.000000000E+00  0.476884006E-01  0.476884006E-01  0.112979162E+00  0.999743737E+00
 0.992607933E+00  0.397845914E+01  0.219578715E+00  0.606166511E-03  0.333333903E+00  0.000000000E+00  0.000000000E+00  0.166667000E+01  0.000000000E+00  0.468722844E-01  0.468722844E-01  0.112987930E+00  0.999748859E+00
 0.992680631E+00  0.398192815E+01  0.217377311E+00  0.594095642E-03  0.332140599E+00  0.000000000E+00  0.000000000E+00  0.166667000E+01  0.000000000E+00  0.461039431E-01  0.461039431E-01  0.112996205E+00  0.999753666E+00
 0.992753329E+00  0.398543771E+01  0.215150779E+00  0.582119277E-03  0.330946202E+00  0.000000000E+00  0.000000000E+00  0.166667000E+01  0.000000000E+00  0.453375710E-01  0.453375710E-01  0.113004480E+00  0.999758445E+00
 0.992826027E+00  0.398898888E+01  0.212899284E+00  0.570239110E-03  0.329750749E+00  0.000000000E+00  0.000000000E+00  0.166667000E+01  0.000000000E+00  0.445733093E-01  0.445733093E-01  0.113012755E+00  0.999763196E+00
 0.992928314E+00  0.399405700E+01  0.209689391E+00  0.553689584E-03  0.328066994E+00  0.000000000E+00  0.000000000E+00  0.166667000E+01  0.000000000E+00  0.435018256E-01  0.435018256E-01  0.113024399E+00  0.999769831E+00
 0.993139738E+00  0.400480699E+01  0.202900898E+00  0.520117888E-03  0.324580798E+00  0.000000000E+00  0.000000000E+00  0.166667000E+01  0.000000000E+00  0.413030988E-01  0.413030988E-01  0.113048465E+00  0.999783354E+00
 0.993379037E+00  0.401744196E+01  0.194973206E+00  0.483196133E-03  0.320626239E+00  0.000000000E+00  0.000000000E+00  0.166667000E+01  0.000000000E+00  0.388443679E-01  0.388443679E-01  0.113075704E+00  0.999798326E+00
 0.993785237E+00  0.404011335E+01  0.180988514E+00  0.423304951E-03  0.313895924E+00  0.000000000E+00  0.000000000E+00  0.166667000E+01  0.000000000E+00  0.347593255E-01  0.347593255E-01  0.113121942E+00  0.999822852E+00
 0.994796490E+00  0.410433960E+01  0.144358702E+00  0.290931542E-03  0.297080032E+00  0.000000000E+00  0.000000000E+00  0.166667000E+01  0.000000000E+00  0.252418404E-01  0.252418404E-01  0.113237052E+00  0.999878235E+00
 0.996205898E+00  0.421809631E+01  0.935908346E-01  0.149957459E-03  0.273657310E+00  0.000000000E+00  0.000000000E+00  0.166667000E+01  0.000000000E+00  0.141242270E-01  0.141242270E-01  0.113397484E+00  0.999939450E+00
 0.996998349E+00  0.429839610E+01  0.705783267E-01  0.933620682E-04  0.260598221E+00  0.000000000E+00  0.000000000E+00  0.166667000E+01  0.000000000E+00  0.923427251E-02  0.923427251E-02  0.113487688E+00  0.999964770E+00
 0.997495661E+00  0.435694940E+01  0.600470005E-01  0.652729274E-04  0.252471878E+00  0.000000000E+00  0.000000000E+00  0.166667000E+01  0.000000000E+00  0.666382756E-02  0.666382756E-02  0.113544297E+00  0.999977321E+00
 0.997718270E+00  0.438567371E+01  0.562015315E-01  0.543742728E-04  0.248855717E+00  0.000000000E+00  0.000000000E+00  0.166667000E+01  0.000000000E+00  0.563182963E-02  0.563182963E-02  0.113569636E+00  0.999982120E+00
 0.997848654E+00  0.440331471E+01  0.541441785E-01  0.484480721E-04  0.246744410E+00  0.000000000E+00  0.000000000E+00  0.166667000E+01  0.000000000E+00  0.506095933E-02  0.506095933E-02  0.113584478E+00  0.999984697E+00
 0.997939452E+00  0.441598108E+01  0.527785427E-01  0.445170827E-04  0.245277182E+00  0.000000000E+00  0.000000000E+00  0.166667000E+01  0.000000000E+00  0.467814003E-02  0.467814003E-02  0.113594813E+00  0.999986390E+00
 0.998017415E+00  0.442711765E+01  0.516418799E-01  0.412691668E-04  0.244019432E+00  0.000000000E+00  0.000000000E+00  0.166667000E+01  0.000000000E+00  0.435918156E-02  0.435918156E-02  0.113603688E+00  0.999987776E+00
 0.998074044E+00  0.443536220E+01  0.508335909E-01  0.389836063E-04  0.243107093E+00  0.000000000E+00  0.000000000E+00  0.166667000E+01  0.000000000E+00  0.413321552E-02  0.413321552E-02  0.113610134E+00  0.999988743E+00
 0.998130672E+00  0.444374096E+01  0.500373916E-01  0.367599245E-04  0.242195804E+00  0.000000000E+00  0.000000000E+00  0.166667000E+01  0.000000000E+00  0.391211547E-02  0.391211547E-02  0.113616580E+00  0.999989678E+00
 0.998181616E+00  0.445139790E+01  0.493296258E-01  0.348124030E-04  0.241376902E+00  0.000000000E+00  0.000000000E+00  0.166667000E+01  0.000000000E+00  0.371742284E-02  0.371742284E-02  0.113622379E+00  0.999990490E+00
 0.998231042E+00  0.445893347E+01  0.486490435E-01  0.329709871E-04  0.240583242E+00  0.000000000E+00  0.000000000E+00  0.166667000E+01  0.000000000E+00  0.353240300E-02  0.353240300E-02  0.113628005E+00  0.999991253E+00
 0.998281527E+00  0.446674183E+01  0.479585132E-01  0.311391783E-04  0.239773437E+00  0.000000000E+00  0.000000000E+00  0.166667000E+01  0.000000000E+00  0.334741647E-02  0.334741647E-02  0.113633752E+00  0.999992005E+00
 0.998355747E+00  0.447842636E+01  0.469487357E-01  0.285368254E-04  0.238584538E+00  0.000000000E+00  0.000000000E+00  0.166667000E+01  0.000000000E+00  0.308295391E-02  0.308295391E-02  0.113642200E+00  0.999993061E+00
 0.998415264E+00  0.448797832E+01  0.461416996E-01  0.265285102E-04  0.237632572E+00  0.000000000E+00  0.000000000E+00  0.166667000E+01  0.000000000E+00  0.287746839E-02  0.287746839E-02  0.113648975E+00  0.999993866E+00
 0.998482478E+00  0.449896861E+01  0.452313056E-01  0.243452075E-04  0.236559032E+00  0.000000000E+00  0.000000000E+00  0.166667000E+01  0.000000000E+00  0.265263573E-02  0.265263573E-02  0.113656626E+00  0.999994728E+00
 0.998579251E+00  0.451518573E+01  0.439184855E-01  0.213611120E-04  0.235016306E+00  0.000000000E+00  0.000000000E+00  0.166667000E+01  0.000000000E+00  0.234276934E-02  0.234276934E-02  0.113667641E+00  0.999995882E+00
 0.998710693E+00  0.453800428E+01  0.421264165E-01  0.176128474E-04  0.232926570E+00  0.000000000E+00  0.000000000E+00  0.166667000E+01  0.000000000E+00  0.194901065E-02  0.194901065E-02  0.113682603E+00  0.999997282E+00
 0.998889350E+00  0.457060419E+01  0.397552524E-01  0.130897008E-04  0.230097025E+00  0.000000000E+00  0.000000000E+00  0.166667000E+01  0.000000000E+00  0.146629848E-02  0.146629848E-02  0.113702940E+00  0.999998871E+00
 0.999107501E+00  0.461318828E+01  0.371307480E-01  0.847205135E-05  0.226659607E+00  0.000000000E+00  0.000000000E+00  0.166667000E+01  0.000000000E+00  0.963425456E-03  0.963425456E-03  0.113727772E+00  0.100000030E+01
 0.999323961E+00  0.465891518E+01  0.347108496E-01  0.488379556E-05  0.223268845E+00  0.000000000E+00  0.000000000E+00  0.166667000E+01  0.000000000E+00  0.563810316E-03  0.563810316E-03  0.113752411E+00  0.100000115E+01
 0.999493746E+00  0.469758707E+01  0.330502512E-01  0.276463375E-05  0.220623761E+00  0.000000000E+00  0.000000000E+00  0.166667000E+01  0.000000000E+00  0.322989937E-03  0.322989937E-03  0.113771738E+00  0.100000141E+01
 0.999620240E+00  0.472823018E+01  0.320149266E-01  0.158230143E-05  0.218661621E+00  0.000000000E+00  0.000000000E+00  0.166667000E+01  0.000000000E+00  0.186517818E-03  0.186517818E-03  0.113786136E+00  0.100000137E+01
 0.999714954E+00  0.475231603E+01  0.313360307E-01  0.917371614E-06  0.217197237E+00  0.000000000E+00  0.000000000E+00  0.166667000E+01  0.000000000E+00  0.108866603E-03  0.108866603E-03  0.113796918E+00  0.100000120E+01
 0.999785824E+00  0.477103238E+01  0.308625399E-01  0.542401389E-06  0.216104230E+00  0.000000000E+00  0.000000000E+00  0.166667000E+01  0.000000000E+00  0.646935816E-04  0.646935816E-04  0.113804985E+00  0.100000100E+01
 0.999850430E+00  0.478865144E+01  0.304629925E-01  0.291333497E-06  0.215109851E+00  0.000000000E+00  0.000000000E+00  0.166667000E+01  0.000000000E+00  0.349087092E-04  0.349087092E-04  0.113812339E+00  0.100000076E+01
 0.999903105E+00  0.480343175E+01  0.301796756E-01  0.150276043E-06  0.214300558E+00  0.000000000E+00  0.000000000E+00  0.166667000E+01  0.000000000E+00  0.180746593E-04  0.180746593E-04  0.113818335E+00  0.100000053E+01
 0.999951552E+00  0.481737416E+01  0.299944407E-01  0.706166976E-07  0.213557338E+00  0.000000000E+00  0.000000000E+00  0.166667000E+01  0.000000000E+00  0.852308018E-05  0.852308018E-05  0.113823849E+00  0.100000028E+01
 0.100000000E+01  0.483166681E+01  0.298407123E-01  0.389708919E-07  0.212815206E+00  0.000000000E+00  0.000000000E+00  0.166667000E+01  0.000000000E+00  0.471999305E-05  0.471999305E-05  0.113829364E+00  0.100000000E+01
