succeeded!!! 1
succeeded!!! 2
succeeded!!! 3
succeeded!!! 4
succeeded!!! 5
succeeded!!! 6
succeeded!!! 7
succeeded!!! 8
succeeded!!! 9
succeeded!!! 10
succeeded!!! 11
succeeded!!! 12
succeeded!!! 13
succeeded!!! 14
succeeded!!! 15
succeeded!!! 16
succeeded!!! 17
succeeded!!! 18
succeeded!!! 19
succeeded!!! 20
succeeded!!! 21
succeeded!!! 22
succeeded!!! 23
succeeded!!! 24
succeeded!!! 25
succeeded!!! 26
succeeded!!! 27
succeeded!!! 28
succeeded!!! 29
succeeded!!! 30
succeeded!!! 31
succeeded!!! 32
succeeded!!! 33
succeeded!!! 34
succeeded!!! 35
succeeded!!! 36
succeeded!!! 37
succeeded!!! 38
succeeded!!! 39
succeeded!!! 40
succeeded!!! 41
succeeded!!! 42
succeeded!!! 43
succeeded!!! 44
succeeded!!! 45
succeeded!!! 46
succeeded!!! 47
succeeded!!! 48
succeeded!!! 49
succeeded!!! 50
succeeded!!! 51
succeeded!!! 52
succeeded!!! 53
succeeded!!! 54
succeeded!!! 55
succeeded!!! 56
succeeded!!! 57
succeeded!!! 58
succeeded!!! 59
succeeded!!! 60
succeeded!!! 61
succeeded!!! 62
succeeded!!! 63
succeeded!!! 64
succeeded!!! 65
succeeded!!! 66
succeeded!!! 67
succeeded!!! 68
succeeded!!! 69
succeeded!!! 70
succeeded!!! 71
succeeded!!! 72
succeeded!!! 73
succeeded!!! 74
succeeded!!! 75
succeeded!!! 76
succeeded!!! 77
succeeded!!! 78
succeeded!!! 79
succeeded!!! 80
succeeded!!! 81
succeeded!!! 82
succeeded!!! 83
succeeded!!! 84
succeeded!!! 85
succeeded!!! 86
succeeded!!! 87
succeeded!!! 88
succeeded!!! 89
succeeded!!! 90
succeeded!!! 91
succeeded!!! 92
succeeded!!! 93
succeeded!!! 94
succeeded!!! 95
succeeded!!! 96
succeeded!!! 97
succeeded!!! 98
succeeded!!! 99
succeeded!!! 100
succeeded!!! 101
succeeded!!! 102
succeeded!!! 103
succeeded!!! 104
succeeded!!! 105
succeeded!!! 106
succeeded!!! 107
succeeded!!! 108
succeeded!!! 109
succeeded!!! 110
succeeded!!! 111
succeeded!!! 112
succeeded!!! 113
succeeded!!! 114
succeeded!!! 115
succeeded!!! 116
succeeded!!! 117
succeeded!!! 118
succeeded!!! 119
succeeded!!! 120
succeeded!!! 121
succeeded!!! 122
succeeded!!! 123
succeeded!!! 124
succeeded!!! 125
succeeded!!! 126
succeeded!!! 127
succeeded!!! 128
succeeded!!! 129
succeeded!!! 130
succeeded!!! 131
succeeded!!! 132
succeeded!!! 133
succeeded!!! 134
succeeded!!! 135
succeeded!!! 136
succeeded!!! 137
succeeded!!! 138
succeeded!!! 139
succeeded!!! 140
succeeded!!! 141
succeeded!!! 142
succeeded!!! 143
succeeded!!! 144
succeeded!!! 145
succeeded!!! 146
succeeded!!! 147
succeeded!!! 148
succeeded!!! 149
succeeded!!! 150
succeeded!!! 151
succeeded!!! 152
succeeded!!! 153
succeeded!!! 154
succeeded!!! 155
succeeded!!! 156
succeeded!!! 157
succeeded!!! 158
succeeded!!! 159
succeeded!!! 160
succeeded!!! 161
succeeded!!! 162
succeeded!!! 163
succeeded!!! 164
succeeded!!! 165
succeeded!!! 166
succeeded!!! 167
succeeded!!! 168
succeeded!!! 169
succeeded!!! 170
succeeded!!! 171
succeeded!!! 172
succeeded!!! 173
succeeded!!! 174
succeeded!!! 175
succeeded!!! 176
succeeded!!! 177
succeeded!!! 178
succeeded!!! 179
succeeded!!! 180
succeeded!!! 181
succeeded!!! 182
succeeded!!! 183
succeeded!!! 184
succeeded!!! 185
succeeded!!! 186
succeeded!!! 187
succeeded!!! 188
succeeded!!! 189
succeeded!!! 190
succeeded!!! 191
succeeded!!! 192
succeeded!!! 193
succeeded!!! 194
succeeded!!! 195
succeeded!!! 196
succeeded!!! 197
succeeded!!! 198
succeeded!!! 199
succeeded!!! 200
succeeded!!! 201
succeeded!!! 202
succeeded!!! 203
succeeded!!! 204
succeeded!!! 205
succeeded!!! 206
succeeded!!! 207
succeeded!!! 208
succeeded!!! 209
succeeded!!! 210
succeeded!!! 211
succeeded!!! 212
succeeded!!! 213
succeeded!!! 214
succeeded!!! 215
succeeded!!! 216
succeeded!!! 217
succeeded!!! 218
succeeded!!! 219
succeeded!!! 220
succeeded!!! 221
succeeded!!! 222
succeeded!!! 223
succeeded!!! 224
succeeded!!! 225
succeeded!!! 226
succeeded!!! 227
succeeded!!! 228
succeeded!!! 229
succeeded!!! 230
succeeded!!! 231
succeeded!!! 232
succeeded!!! 233
succeeded!!! 234
succeeded!!! 235
succeeded!!! 236
succeeded!!! 237
succeeded!!! 238
succeeded!!! 239
succeeded!!! 240
succeeded!!! 241
succeeded!!! 242
succeeded!!! 243
succeeded!!! 244
succeeded!!! 245
succeeded!!! 246
succeeded!!! 247
succe/f/python/linux64/lib/python2.7/site-packages/matplotlib/delaunay/triangulate.py:78: DuplicatePointWarning: Input data contains duplicate x,y points; some values are ignored.
  DuplicatePointWarning,
eded!!! 248
succeeded!!! 249
succeeded!!! 250
succeeded!!! 251
succeeded!!! 252
succeeded!!! 253
succeeded!!! 254
succeeded!!! 255
succeeded!!! 256
succeeded!!! 257
succeeded!!! 258
succeeded!!! 259
succeeded!!! 260
succeeded!!! 261
succeeded!!! 262
succeeded!!! 263
succeeded!!! 264
succeeded!!! 265
succeeded!!! 266
succeeded!!! 267
succeeded!!! 268
succeeded!!! 269
succeeded!!! 270
succeeded!!! 271
succeeded!!! 272
succeeded!!! 273
succeeded!!! 274
succeeded!!! 275
succeeded!!! 276
succeeded!!! 277
succeeded!!! 278
succeeded!!! 279
succeeded!!! 280
succeeded!!! 281
succeeded!!! 282
succeeded!!! 283
succeeded!!! 284
succeeded!!! 285
succeeded!!! 286
succeeded!!! 287
succeeded!!! 288
succeeded!!! 289
succeeded!!! 290
succeeded!!! 291
succeeded!!! 292
succeeded!!! 293
succeeded!!! 294
succeeded!!! 295
succeeded!!! 296
succeeded!!! 297
succeeded!!! 298
succeeded!!! 299
succeeded!!! 300
succeeded!!! 301
succeeded!!! 302
succeeded!!! 303
succeeded!!! 304
succeeded!!! 305
succeeded!!! 306
succeeded!!! 307
succeeded!!! 308
succeeded!!! 309
succeeded!!! 310
succeeded!!! 311
succeeded!!! 312
succeeded!!! 313
succeeded!!! 314
succeeded!!! 315
succeeded!!! 316
succeeded!!! 317
succeeded!!! 318
succeeded!!! 319
succeeded!!! 320
succeeded!!! 321
succeeded!!! 322
succeeded!!! 323
succeeded!!! 324
succeeded!!! 325
succeeded!!! 326
succeeded!!! 327
succeeded!!! 328
succeeded!!! 329
succeeded!!! 330
succeeded!!! 331
succeeded!!! 332
succeeded!!! 333
succeeded!!! 334
succeeded!!! 335
succeeded!!! 336
succeeded!!! 337
succeeded!!! 338
succeeded!!! 339
succeeded!!! 340
succeeded!!! 341
succeeded!!! 342
succeeded!!! 343
succeeded!!! 344
succeeded!!! 345
succeeded!!! 346
succeeded!!! 347
succeeded!!! 348
succeeded!!! 349
succeeded!!! 350
succeeded!!! 351
succeeded!!! 352
succeeded!!! 353
succeeded!!! 354
succeeded!!! 355
succeeded!!! 356
succeeded!!! 357
succeeded!!! 358
succeeded!!! 359
succeeded!!! 360
succeeded!!! 361
succeeded!!! 362
succeeded!!! 363
succeeded!!! 364
succeeded!!! 365
succeeded!!! 366
succeeded!!! 367
succeeded!!! 368
succeeded!!! 369
succeeded!!! 370
succeeded!!! 371
succeeded!!! 372
succeeded!!! 373
succeeded!!! 374
succeeded!!! 375
succeeded!!! 376
succeeded!!! 377
succeeded!!! 378
succeeded!!! 379
succeeded!!! 380
succeeded!!! 381
succeeded!!! 382
succeeded!!! 383
succeeded!!! 384
succeeded!!! 385
succeeded!!! 386
succeeded!!! 387
succeeded!!! 388
succeeded!!! 389
succeeded!!! 390
succeeded!!! 391
succeeded!!! 392
succeeded!!! 393
succeeded!!! 394
succeeded!!! 395
succeeded!!! 396
succeeded!!! 397
succeeded!!! 398
succeeded!!! 399
succeeded!!! 400
succeeded!!! 401
succeeded!!! 402
succeeded!!! 403
succeeded!!! 404
succeeded!!! 405
succeeded!!! 406
succeeded!!! 407
succeeded!!! 408
succeeded!!! 409
succeeded!!! 410
succeeded!!! 411
succeeded!!! 412
succeeded!!! 413
succeeded!!! 414
succeeded!!! 415
succeeded!!! 416
succeeded!!! 417
succeeded!!! 418
succeeded!!! 419
succeeded!!! 420
succeeded!!! 421
succeeded!!! 422
succeeded!!! 423
succeeded!!! 424
succeeded!!! 425
succeeded!!! 426
succeeded!!! 427
succeeded!!! 428
succeeded!!! 429
succeeded!!! 430
succeeded!!! 431
succeeded!!! 432
succeeded!!! 433
succeeded!!! 434
succeeded!!! 435
succeeded!!! 436
succeeded!!! 437
succeeded!!! 438
succeeded!!! 439
succeeded!!! 440
succeeded!!! 441
succeeded!!! 442
succeeded!!! 443
succeeded!!! 444
succeeded!!! 445
succeeded!!! 446
succeeded!!! 447
succeeded!!! 448
succeeded!!! 449
succeeded!!! 450
succeeded!!! 451
succeeded!!! 452
succeeded!!! 453
succeeded!!! 454
succeeded!!! 455
succeeded!!! 456
succeeded!!! 457
succeeded!!! 458
succeeded!!! 459
succeeded!!! 460
succeeded!!! 461
succeeded!!! 462
succeeded!!! 463
succeeded!!! 464
succeeded!!! 465
succeeded!!! 466
succeeded!!! 467
succeeded!!! 468
succeeded!!! 469
succeeded!!! 470
succeeded!!! 471
succeeded!!! 472
succeeded!!! 473
succeeded!!! 474
succeeded!!! 475
succeeded!!! 476
succeeded!!! 477
succeeded!!! 478
succeeded!!! 479
succeeded!!! 480
succeeded!!! 481
succeeded!!! 482
succeeded!!! 483
succeeded!!! 484
succeeded!!! 485
succeeded!!! 486
succeeded!!! 487
succeeded!!! 488
succeeded!!! 489
succeeded!!! 490
succeeded!!! 491
succeeded!!! 492
succeeded!!! 493
succeeded!!! 494
succeeded!!! 495
succeeded!!! 496
succeeded!!! 497
succeeded!!! 498
succeeded!!! 499
succeeded!!! 500
succeeded!!! 501
succeeded!!! 502
succeeded!!! 503
succeeded!!! 504
succeeded!!! 505
succeeded!!! 506
succeeded!!! 507
succeeded!!! 508
succeeded!!! 509
succeeded!!! 510
succeeded!!! 511
succeeded!!! 512
succeeded!!! 513
succeeded!!! 514
succeeded!!! 515
succeeded!!! 516
succeeded!!! 517
succeeded!!! 518
succeeded!!! 519
succeeded!!! 520
succeeded!!! 521
succeeded!!! 522
succeeded!!! 523
succeeded!!! 524
succeeded!!! 525
succeeded!!! 526
succeeded!!! 527
succeeded!!! 528
succeeded!!! 529
succeeded!!! 530
succeeded!!! 531
succeeded!!! 532
succeeded!!! 533
succeeded!!! 534
succeeded!!! 535
succeeded!!! 536
succeeded!!! 537
succeeded!!! 538
succeeded!!! 539
succeeded!!! 540
succeeded!!! 541
succeeded!!! 542
succeeded!!! 543
succeeded!!! 544
succeeded!!! 545
succeeded!!! 546
succeeded!!! 547
succeeded!!! 548
succeeded!!! 549
succeeded!!! 550
succeeded!!! 551
succeeded!!! 552
succeeded!!! 553
succeeded!!! 554
succeeded!!! 555
succeeded!!! 556
succeeded!!! 557
succeeded!!! 558
succeeded!!! 559
succeeded!!! 560
succeeded!!! 561
succeeded!!! 562
succeeded!!! 563
succeeded!!! 564
succeeded!!! 565
succeeded!!! 566
succeeded!!! 567
succeeded!!! 568
succeeded!!! 569
succeeded!!! 570
succeeded!!! 571
succeeded!!! 572
succeeded!!! 573
succeeded!!! 574
succeeded!!! 575
succeeded!!! 576
succeeded!!! 577
succeeded!!! 578
succeeded!!! 579
succeeded!!! 580
succeeded!!! 581
succeeded!!! 582
succeeded!!! 583
succeeded!!! 584
succeeded!!! 585
succeeded!!! 586
succeeded!!! 587
succeeded!!! 588
succeeded!!! 589
succeeded!!! 590
succeeded!!! 591
succeeded!!! 592
succeeded!!! 593
succeeded!!! 594
succeeded!!! 595
succeeded!!! 596
succeeded!!! 597
succeeded!!! 598
succeeded!!! 599
succeeded!!! 600
succeeded!!! 601
succeeded!!! 602
succeeded!!! 603
succeeded!!! 604
succeeded!!! 605
succeeded!!! 606
succeeded!!! 607
succeeded!!! 608
succeeded!!! 609
succeeded!!! 610
succeeded!!! 611
succeeded!!! 612
succeeded!!! 613
succeeded!!! 614
succeeded!!! 615
succeeded!!! 616
succeeded!!! 617
succeeded!!! 618
succeeded!!! 619
succeeded!!! 620
succeeded!!! 621
succeeded!!! 622
succeeded!!! 623
succeeded!!! 624
succeeded!!! 625
succeeded!!! 626
succeeded!!! 627
succeeded!!! 628
succeeded!!! 629
succeeded!!! 630
succeeded!!! 631
succeeded!!! 632
succeeded!!! 633
succeeded!!! 634
succeeded!!! 635
succeeded!!! 636
succeeded!!! 637
succeeded!!! 638
succeeded!!! 639
succeeded!!! 640
succeeded!!! 641
succeeded!!! 642
succeeded!!! 643
succeeded!!! 644
succeeded!!! 645
succeeded!!! 646
succeeded!!! 647
succeeded!!! 648
succeeded!!! 649
succeeded!!! 650
succeeded!!! 651
succeeded!!! 652
succeeded!!! 653
succeeded!!! 654
succeeded!!! 655
succeeded!!! 656
succeeded!!! 657
succeeded!!! 658
succeeded!!! 659
succeeded!!! 660
succeeded!!! 661
succeeded!!! 662
succeeded!!! 663
succeeded!!! 664
succeeded!!! 665
succeeded!!! 666
succeeded!!! 667
succeeded!!! 668
succeeded!!! 669
succeeded!!! 670
succeeded!!! 671
succeeded!!! 672
succeeded!!! 673
succeeded!!! 674
succeeded!!! 675
succeeded!!! 676
succeeded!!! 677
succeeded!!! 678
succeeded!!! 679
succeeded!!! 680
succeeded!!! 681
succeeded!!! 682
succeeded!!! 683
succeeded!!! 684
succeeded!!! 685
succeeded!!! 686
succeeded!!! 687
succeeded!!! 688
succeeded!!! 689
succeeded!!! 690
succeeded!!! 691
succeeded!!! 692
succeeded!!! 693
succeeded!!! 694
succeeded!!! 695
succeeded!!! 696
succeeded!!! 697
succeeded!!! 698
succeeded!!! 699
succeeded!!! 700
succeeded!!! 701
succeeded!!! 702
succeeded!!! 703
succeeded!!! 704
succeeded!!! 705
succeeded!!! 706
succeeded!!! 707
succeeded!!! 708
succeeded!!! 709
succeeded!!! 710
succeeded!!! 711
succeeded!!! 712
succeeded!!! 713
succeeded!!! 714
succeeded!!! 715
succeeded!!! 716
succeeded!!! 717
succeeded!!! 718
succeeded!!! 719
succeeded!!! 720
succeeded!!! 721
succeeded!!! 722
succeeded!!! 723
succeeded!!! 724
succeeded!!! 725
succeeded!!! 726
succeeded!!! 727
succeeded!!! 728
succeeded!!! 729
succeeded!!! 730
succeeded!!! 731
succeeded!!! 732
succeeded!!! 733
succeeded!!! 734
succeeded!!! 735
succeeded!!! 736
succeeded!!! 737
succeeded!!! 738
succeeded!!! 739
succeeded!!! 740
succeeded!!! 741
succeeded!!! 742
succeeded!!! 743
succeeded!!! 744
succeeded!!! 745
succeeded!!! 746
succeeded!!! 747
succeeded!!! 748
succeeded!!! 749
succeeded!!! 750
succeeded!!! 751
succeeded!!! 752
succeeded!!! 753
succeeded!!! 754
succeeded!!! 755
succeeded!!! 756
succeeded!!! 757
succeeded!!! 758
succeeded!!! 759
succeeded!!! 760
succeeded!!! 761
succeeded!!! 762
succeeded!!! 763
succeeded!!! 764
succeeded!!! 765
succeeded!!! 766
succeeded!!! 767
succeeded!!! 768
succeeded!!! 769
succeeded!!! 770
succeeded!!! 771
succeeded!!! 772
succeeded!!! 773
succeeded!!! 774
succeeded!!! 775
succeeded!!! 776
succeeded!!! 777
succeeded!!! 778
succeeded!!! 779
succeeded!!! 780
succeeded!!! 781
succeeded!!! 782
succeeded!!! 783
succeeded!!! 784
succeeded!!! 785
succeeded!!! 786
succeeded!!! 787
succeeded!!! 788
succeeded!!! 789
succeeded!!! 790
succeeded!!! 791
succeeded!!! 792
succeeded!!! 793
succeeded!!! 794
succeeded!!! 795
succeeded!!! 796
succeeded!!! 797
succeeded!!! 798
succeeded!!! 799
succeeded!!! 800
succeeded!!! 801
succeeded!!! 802
succeeded!!! 803
succeeded!!! 804
succeeded!!! 805
succeeded!!! 806
succeeded!!! 807
succeeded!!! 808
succeeded!!! 809
succeeded!!! 810
succeeded!!! 811
succeeded!!! 812
succeeded!!! 813
succeeded!!! 814
succeeded!!! 815
succeeded!!! 816
succeeded!!! 817
succeeded!!! 818
succeeded!!! 819
succeeded!!! 820
succeeded!!! 821
succeeded!!! 822
succeeded!!! 823
succeeded!!! 824
succeeded!!! 825
succeeded!!! 826
succeeded!!! 827
succeeded!!! 828
succeeded!!! 829
succeeded!!! 830
succeeded!!! 831
succeeded!!! 832
succeeded!!! 833
succeeded!!! 834
succeeded!!! 835
succeeded!!! 836
succeeded!!! 837
succeeded!!! 838
succeeded!!! 839
succeeded!!! 840
succeeded!!! 841
succeeded!!! 842
succeeded!!! 843
succeeded!!! 844
succeeded!!! 845
succeeded!!! 846
succeeded!!! 847
succeeded!!! 848
succeeded!!! 849
succeeded!!! 850
succeeded!!! 851
succeeded!!! 852
succeeded!!! 853
succeeded!!! 854
succeeded!!! 855
succeeded!!! 856
succeeded!!! 857
succeeded!!! 858
succeeded!!! 859
succeeded!!! 860
succeeded!!! 861
succeeded!!! 862
succeeded!!! 863
succeeded!!! 864
succeeded!!! 865
succeeded!!! 866
succeeded!!! 867
succeeded!!! 868
succeeded!!! 869
succeeded!!! 870
succeeded!!! 871
succeeded!!! 872
succeeded!!! 873
succeeded!!! 874
succeeded!!! 875
succeeded!!! 876
succeeded!!! 877
succeeded!!! 878
succeeded!!! 879
succeeded!!! 880
succeeded!!! 881
succeeded!!! 882
succeeded!!! 883
succeeded!!! 884
succeeded!!! 885
succeeded!!! 886
succeeded!!! 887
succeeded!!! 888
succeeded!!! 889
succeeded!!! 890
succeeded!!! 891
succeeded!!! 892
succeeded!!! 893
succeeded!!! 894
succeeded!!! 895
succeeded!!! 896
succeeded!!! 897
succeeded!!! 898
succeeded!!! 899
succeeded!!! 900
succeeded!!! 901
succeeded!!! 902
succeeded!!! 903
succeeded!!! 904
succeeded!!! 905
succeeded!!! 906
succeeded!!! 907
succeeded!!! 908
succeeded!!! 909
succeeded!!! 910
succeeded!!! 911
succeeded!!! 912
succeeded!!! 913
succeeded!!! 914
succeeded!!! 915
succeeded!!! 916
succeeded!!! 917
succeeded!!! 918
succeeded!!! 919
succeeded!!! 920
succeeded!!! 921
succeeded!!! 922
succeeded!!! 923
succeeded!!! 924
succeeded!!! 925
succeeded!!! 926
succeeded!!! 927
succeeded!!! 928
succeeded!!! 929
succeeded!!! 930
succeeded!!! 931
succeeded!!! 932
succeeded!!! 933
succeeded!!! 934
succeeded!!! 935
succeeded!!! 936
succeeded!!! 937
succeeded!!! 938
succeeded!!! 939
succeeded!!! 940
succeeded!!! 941
succeeded!!! 942
succeeded!!! 943
succeeded!!! 944
succeeded!!! 945
succeeded!!! 946
succeeded!!! 947
succeeded!!! 948
succeeded!!! 949
succeeded!!! 950
succeeded!!! 951
succeeded!!! 952
succeeded!!! 953
succeeded!!! 954
succeeded!!! 955
succeeded!!! 956
succeeded!!! 957
succeeded!!! 958
succeeded!!! 959
succeeded!!! 960
succeeded!!! 961
succeeded!!! 962
succeeded!!! 963
succeeded!!! 964
succeeded!!! 965
succeeded!!! 966
succeeded!!! 967
succeeded!!! 968
succeeded!!! 969
succeeded!!! 970
succeeded!!! 971
succeeded!!! 972
succeeded!!! 973
succeeded!!! 974
succeeded!!! 975
succeeded!!! 976
succeeded!!! 977
succeeded!!! 978
succeeded!!! 979
succeeded!!! 980
succeeded!!! 981
succeeded!!! 982
succeeded!!! 983
succeeded!!! 984
succeeded!!! 985
succeeded!!! 986
succeeded!!! 987
succeeded!!! 988
succeeded!!! 989
succeeded!!! 990
succeeded!!! 991
succeeded!!! 992
succeeded!!! 993
succeeded!!! 994
succeeded!!! 995
succeeded!!! 996
succeeded!!! 997
succeeded!!! 998
succeeded!!! 999
succeeded!!! 1000
succeeded!!! 1001
succeeded!!! 1002
succeeded!!! 1003
succeeded!!! 1004
succeeded!!! 1005
succeeded!!! 1006
succeeded!!! 1007
succeeded!!! 1008
succeeded!!! 1009
succeeded!!! 1010
succeeded!!! 1011
succeeded!!! 1012
succeeded!!! 1013
succeeded!!! 1014
succeeded!!! 1015
succeeded!!! 1016
succeeded!!! 1017
succeeded!!! 1018
succeeded!!! 1019
succeeded!!! 1020
succeeded!!! 1021
succeeded!!! 1022
succeeded!!! 1023
succeeded!!! 1024
succeeded!!! 1025
succeeded!!! 1026
succeeded!!! 1027
succeeded!!! 1028
succeeded!!! 1029
succeeded!!! 1030
succeeded!!! 1031
succeeded!!! 1032
succeeded!!! 1033
succeeded!!! 1034
succeeded!!! 1035
succeeded!!! 1036
succeeded!!! 1037
succeeded!!! 1038
succeeded!!! 1039
succeeded!!! 1040
succeeded!!! 1041
succeeded!!! 1042
succeeded!!! 1043
succeeded!!! 1044
succeeded!!! 1045
succeeded!!! 1046
succeeded!!! 1047
succeeded!!! 1048
succeeded!!! 1049
succeeded!!! 1050
succeeded!!! 1051
succeeded!!! 1052
succeeded!!! 1053
succeeded!!! 1054
succeeded!!! 1055
succeeded!!! 1056
succeeded!!! 1057
succeeded!!! 1058
succeeded!!! 1059
succeeded!!! 1060
succeeded!!! 1061
succeeded!!! 1062
succeeded!!! 1063
succeeded!!! 1064
succeeded!!! 1065
succeeded!!! 1066
succeeded!!! 1067
succeeded!!! 1068
succeeded!!! 1069
succeeded!!! 1070
succeeded!!! 1071
succeeded!!! 1072
succeeded!!! 1073
succeeded!!! 1074
succeeded!!! 1075
succeeded!!! 1076
succeeded!!! 1077
succeeded!!! 1078
succeeded!!! 1079
succeeded!!! 1080
succeeded!!! 1081
succeeded!!! 1082
succeeded!!! 1083
succeeded!!! 1084
succeeded!!! 1085
succeeded!!! 1086
succeeded!!! 1087
succeeded!!! 1088
succeeded!!! 1089
succeeded!!! 1090
succeeded!!! 1091
succeeded!!! 1092
succeeded!!! 1093
succeeded!!! 1094
succeeded!!! 1095
succeeded!!! 1096
succeeded!!! 1097
succeeded!!! 1098
succeeded!!! 1099
succeeded!!! 1100
succeeded!!! 1101
succeeded!!! 1102
succeeded!!! 1103
succeeded!!! 1104
succeeded!!! 1105
succeeded!!! 1106
succeeded!!! 1107
succeeded!!! 1108
succeeded!!! 1109
succeeded!!! 1110
succeeded!!! 1111
succeeded!!! 1112
succeeded!!! 1113
succeeded!!! 1114
succeeded!!! 1115
succeeded!!! 1116
succeeded!!! 1117
succeeded!!! 1118
succeeded!!! 1119
succeeded!!! 1120
succeeded!!! 1121
succeeded!!! 1122
succeeded!!! 1123
succeeded!!! 1124
succeeded!!! 1125
succeeded!!! 1126
succeeded!!! 1127
succeeded!!! 1128
succeeded!!! 1129
succeeded!!! 1130
succeeded!!! 1131
succeeded!!! 1132
succeeded!!! 1133
succeeded!!! 1134
succeeded!!! 1135
succeeded!!! 1136
succeeded!!! 1137
succeeded!!! 1138
succeeded!!! 1139
succeeded!!! 1140
succeeded!!! 1141
succeeded!!! 1142
succeeded!!! 1143
succeeded!!! 1144
succeeded!!! 1145
succeeded!!! 1146
succeeded!!! 1147
succeeded!!! 1148
succeeded!!! 1149
succeeded!!! 1150
succeeded!!! 1151
succeeded!!! 1152
succeeded!!! 1153
succeeded!!! 1154
succeeded!!! 1155
succeeded!!! 1156
succeeded!!! 1157
succeeded!!! 1158
succeeded!!! 1159
succeeded!!! 1160
succeeded!!! 1161
succeeded!!! 1162
succeeded!!! 1163
succeeded!!! 1164
succeeded!!! 1165
succeeded!!! 1166
succeeded!!! 1167
succeeded!!! 1168
succeeded!!! 1169
succeeded!!! 1170
succeeded!!! 1171
succeeded!!! 1172
succeeded!!! 1173
succeeded!!! 1174
succeeded!!! 1175
succeeded!!! 1176
succeeded!!! 1177
succeeded!!! 1178
succeeded!!! 1179
succeeded!!! 1180
succeeded!!! 1181
succeeded!!! 1182
succeeded!!! 1183
succeeded!!! 1184
succeeded!!! 1185
succeeded!!! 1186
succeeded!!! 1187
succeeded!!! 1188
succeeded!!! 1189
succeeded!!! 1190
succeeded!!! 1191
succeeded!!! 1192
succeeded!!! 1193
succeeded!!! 1194
succeeded!!! 1195
succeeded!!! 1196
succeeded!!! 1197
succeeded!!! 1198
succeeded!!! 1199
succeeded!!! 1200
succeeded!!! 1201
succeeded!!! 1202
succeeded!!! 1203
succeeded!!! 1204
succeeded!!! 1205
succeeded!!! 1206
succeeded!!! 1207
succeeded!!! 1208
succeeded!!! 1209
succeeded!!! 1210
succeeded!!! 1211
succeeded!!! 1212
succeeded!!! 1213
succeeded!!! 1214
succeeded!!! 1215
succeeded!!! 1216
succeeded!!! 1217
succeeded!!! 1218
succeeded!!! 1219
succeeded!!! 1220
succeeded!!! 1221
succeeded!!! 1222
succeeded!!! 1223
succeeded!!! 1224
succeeded!!! 1225
succeeded!!! 1226
succeeded!!! 1227
succeeded!!! 1228
succeeded!!! 1229
succeeded!!! 1230
succeeded!!! 1231
succeeded!!! 1232
succeeded!!! 1233
succeeded!!! 1234
succeeded!!! 1235
succeeded!!! 1236
succeeded!!! 1237
succeeded!!! 1238
succeeded!!! 1239
succeeded!!! 1240
succeeded!!! 1241
succeeded!!! 1242
succeeded!!! 1243
succeeded!!! 1244
succeeded!!! 1245
succeeded!!! 1246
succeeded!!! 1247
succeeded!!! 1248
succeeded!!! 1249
succeeded!!! 1250
succeeded!!! 1251
succeeded!!! 1252
succeeded!!! 1253
succeeded!!! 1254
succeeded!!! 1255
succeeded!!! 1256
succeeded!!! 1257
succeeded!!! 1258
succeeded!!! 1259
succeeded!!! 1260
succeeded!!! 1261
succeeded!!! 1262
succeeded!!! 1263
succeeded!!! 1264
succeeded!!! 1265
succeeded!!! 1266
succeeded!!! 1267
succeeded!!! 1268
succeeded!!! 1269
succeeded!!! 1270
succeeded!!! 1271
succeeded!!! 1272
succeeded!!! 1273
succeeded!!! 1274
succeeded!!! 1275
succeeded!!! 1276
succeeded!!! 1277
succeeded!!! 1278
succeeded!!! 1279
succeeded!!! 1280
succeeded!!! 1281
succeeded!!! 1282
succeeded!!! 1283
succeeded!!! 1284
succeeded!!! 1285
succeeded!!! 1286
succeeded!!! 1287
succeeded!!! 1288
succeeded!!! 1289
succeeded!!! 1290
succeeded!!! 1291
succeeded!!! 1292
succeeded!!! 1293
succeeded!!! 1294
succeeded!!! 1295
succeeded!!! 1296
succeeded!!! 1297
succeeded!!! 1298
succeeded!!! 1299
succeeded!!! 1300
succeeded!!! 1301
succeeded!!! 1302
succeeded!!! 1303
succeeded!!! 1304
succeeded!!! 1305
succeeded!!! 1306
succeeded!!! 1307
succeeded!!! 1308
succeeded!!! 1309
succeeded!!! 1310
succeeded!!! 1311
succeeded!!! 1312
succeeded!!! 1313
succeeded!!! 1314
succeeded!!! 1315
succeeded!!! 1316
succeeded!!! 1317
succeeded!!! 1318
succeeded!!! 1319
succeeded!!! 1320
succeeded!!! 1321
succeeded!!! 1322
succeeded!!! 1323
succeeded!!! 1324
succeeded!!! 1325
succeeded!!! 1326
succeeded!!! 1327
succeeded!!! 1328
succeeded!!! 1329
succeeded!!! 1330
succeeded!!! 1331
succeeded!!! 1332
succeeded!!! 1333
succeeded!!! 1334
succeeded!!! 1335
succeeded!!! 1336
succeeded!!! 1337
succeeded!!! 1338
succeeded!!! 1339
succeeded!!! 1340
succeeded!!! 1341
succeeded!!! 1342
succeeded!!! 1343
succeeded!!! 1344
succeeded!!! 1345
succeeded!!! 1346
succeeded!!! 1347
succeeded!!! 1348
succeeded!!! 1349
succeeded!!! 1350
succeeded!!! 1351
succeeded!!! 1352
succeeded!!! 1353
succeeded!!! 1354
succeeded!!! 1355
succeeded!!! 1356
succeeded!!! 1357
succeeded!!! 1358
succeeded!!! 1359
succeeded!!! 1360
succeeded!!! 1361
succeeded!!! 1362
succeeded!!! 1363
succeeded!!! 1364
succeeded!!! 1365
succeeded!!! 1366
succeeded!!! 1367
succeeded!!! 1368
succeeded!!! 1369
succeeded!!! 1370
succeeded!!! 1371
succeeded!!! 1372
succeeded!!! 1373
succeeded!!! 1374
succeeded!!! 1375
succeeded!!! 1376
succeeded!!! 1377
succeeded!!! 1378
succeeded!!! 1379
succeeded!!! 1380
succeeded!!! 1381
succeeded!!! 1382
succeeded!!! 1383
succeeded!!! 1384
succeeded!!! 1385
succeeded!!! 1386
succeeded!!! 1387
succeeded!!! 1388
succeeded!!! 1389
succeeded!!! 1390
succeeded!!! 1391
succeeded!!! 1392
succeeded!!! 1393
succeeded!!! 1394
succeeded!!! 1395
succeeded!!! 1396
succeeded!!! 1397
succeeded!!! 1398
succeeded!!! 1399
succeeded!!! 1400
succeeded!!! 1401
succeeded!!! 1402
succeeded!!! 1403
succeeded!!! 1404
succeeded!!! 1405
succeeded!!! 1406
succeeded!!! 1407
succeeded!!! 1408
succeeded!!! 1409
succeeded!!! 1410
succeeded!!! 1411
succeeded!!! 1412
succeeded!!! 1413
succeeded!!! 1414
succeeded!!! 1415
succeeded!!! 1416
succeeded!!! 1417
succeeded!!! 1418
succeeded!!! 1419
succeeded!!! 1420
succeeded!!! 1421
succeeded!!! 1422
succeeded!!! 1423
succeeded!!! 1424
succeeded!!! 1425
succeeded!!! 1426
succeeded!!! 1427
succeeded!!! 1428
succeeded!!! 1429
succeeded!!! 1430
succeeded!!! 1431
succeeded!!! 1432
succeeded!!! 1433
succeeded!!! 1434
succeeded!!! 1435
succeeded!!! 1436
succeeded!!! 1437
succeeded!!! 1438
succeeded!!! 1439
succeeded!!! 1440
succeeded!!! 1441
succeeded!!! 1442
succeeded!!! 1443
succeeded!!! 1444
succeeded!!! 1445
succeeded!!! 1446
succeeded!!! 1447
succeeded!!! 1448
succeeded!!! 1449
succeeded!!! 1450
succeeded!!! 1451
succeeded!!! 1452
succeeded!!! 1453
succeeded!!! 1454
succeeded!!! 1455
succeeded!!! 1456
succeeded!!! 1457
succeeded!!! 1458
succeeded!!! 1459
succeeded!!! 1460
succeeded!!! 1461
succeeded!!! 1462
succeeded!!! 1463
succeeded!!! 1464
succeeded!!! 1465
succeeded!!! 1466
succeeded!!! 1467
succeeded!!! 1468
succeeded!!! 1469
succeeded!!! 1470
succeeded!!! 1471
succeeded!!! 1472
succeeded!!! 1473
succeeded!!! 1474
succeeded!!! 1475
succeeded!!! 1476
succeeded!!! 1477
succeeded!!! 1478
succeeded!!! 1479
succeeded!!! 1480
succeeded!!! 1481
succeeded!!! 1482
succeeded!!! 1483
succeeded!!! 1484
succeeded!!! 1485
succeeded!!! 1486
succeeded!!! 1487
succeeded!!! 1488
succeeded!!! 1489
succeeded!!! 1490
succeeded!!! 1491
succeeded!!! 1492
succeeded!!! 1493
succeeded!!! 1494
succeeded!!! 1495
succeeded!!! 1496
succeeded!!! 1497
succeeded!!! 1498
succeeded!!! 1499
succeeded!!! 1500
succeeded!!! 1501
succeeded!!! 1502
succeeded!!! 1503
succeeded!!! 1504
succeeded!!! 1505
succeeded!!! 1506
succeeded!!! 1507
succeeded!!! 1508
succeeded!!! 1509
succeeded!!! 1510
succeeded!!! 1511
succeeded!!! 1512
succeeded!!! 1513
succeeded!!! 1514
succeeded!!! 1515
succeeded!!! 1516
succeeded!!! 1517
succeeded!!! 1518
succeeded!!! 1519
succeeded!!! 1520
succeeded!!! 1521
succeeded!!! 1522
succeeded!!! 1523
succeeded!!! 1524
succeeded!!! 1525
succeeded!!! 1526
succeeded!!! 1527
succeeded!!! 1528
succeeded!!! 1529
succeeded!!! 1530
succeeded!!! 1531
succeeded!!! 1532
succeeded!!! 1533
succeeded!!! 1534
succeeded!!! 1535
succeeded!!! 1536
succeeded!!! 1537
succeeded!!! 1538
succeeded!!! 1539
succeeded!!! 1540
succeeded!!! 1541
succeeded!!! 1542
succeeded!!! 1543
succeeded!!! 1544
succeeded!!! 1545
succeeded!!! 1546
succeeded!!! 1547
succeeded!!! 1548
succeeded!!! 1549
succeeded!!! 1550
succeeded!!! 1551
succeeded!!! 1552
succeeded!!! 1553
succeeded!!! 1554
succeeded!!! 1555
succeeded!!! 1556
succeeded!!! 1557
succeeded!!! 1558
succeeded!!! 1559
succeeded!!! 1560
succeeded!!! 1561
succeeded!!! 1562
succeeded!!! 1563
succeeded!!! 1564
succeeded!!! 1565
succeeded!!! 1566
succeeded!!! 1567
succeeded!!! 1568
succeeded!!! 1569
succeeded!!! 1570
succeeded!!! 1571
succeeded!!! 1572
succeeded!!! 1573
succeeded!!! 1574
succeeded!!! 1575
succeeded!!! 1576
succeeded!!! 1577
succeeded!!! 1578
succeeded!!! 1579
succeeded!!! 1580
succeeded!!! 1581
succeeded!!! 1582
succeeded!!! 1583
succeeded!!! 1584
succeeded!!! 1585
succeeded!!! 1586
succeeded!!! 1587
succeeded!!! 1588
succeeded!!! 1589
succeeded!!! 1590
succeeded!!! 1591
succeeded!!! 1592
succeeded!!! 1593
succeeded!!! 1594
succeeded!!! 1595
succeeded!!! 1596
succeeded!!! 1597
succeeded!!! 1598
succeeded!!! 1599
succeeded!!! 1600
succeeded!!! 1601
succeeded!!! 1602
succeeded!!! 1603
succeeded!!! 1604
succeeded!!! 1605
succeeded!!! 1606
succeeded!!! 1607
succeeded!!! 1608
succeeded!!! 1609
succeeded!!! 1610
succeeded!!! 1611
succeeded!!! 1612
succeeded!!! 1613
succeeded!!! 1614
succeeded!!! 1615
succeeded!!! 1616
succeeded!!! 1617
succeeded!!! 1618
succeeded!!! 1619
succeeded!!! 1620
succeeded!!! 1621
succeeded!!! 1622
succeeded!!! 1623
succeeded!!! 1624
succeeded!!! 1625
succeeded!!! 1626
succeeded!!! 1627
succeeded!!! 1628
succeeded!!! 1629
succeeded!!! 1630
succeeded!!! 1631
succeeded!!! 1632
succeeded!!! 1633
succeeded!!! 1634
succeeded!!! 1635
succeeded!!! 1636
succeeded!!! 1637
succeeded!!! 1638
succeeded!!! 1639
succeeded!!! 1640
succeeded!!! 1641
succeeded!!! 1642
succeeded!!! 1643
succeeded!!! 1644
succeeded!!! 1645
succeeded!!! 1646
succeeded!!! 1647
succeeded!!! 1648
succeeded!!! 1649
succeeded!!! 1650
succeeded!!! 1651
succeeded!!! 1652
succeeded!!! 1653
succeeded!!! 1654
succeeded!!! 1655
succeeded!!! 1656
succeeded!!! 1657
succeeded!!! 1658
succeeded!!! 1659
succeeded!!! 1660
succeeded!!! 1661
succeeded!!! 1662
succeeded!!! 1663
succeeded!!! 1664
succeeded!!! 1665
succeeded!!! 1666
succeeded!!! 1667
succeeded!!! 1668
succeeded!!! 1669
succeeded!!! 1670
succeeded!!! 1671
succeeded!!! 1672
succeeded!!! 1673
succeeded!!! 1674
succeeded!!! 1675
succeeded!!! 1676
succeeded!!! 1677
succeeded!!! 1678
succeeded!!! 1679
succeeded!!! 1680
succeeded!!! 1681
succeeded!!! 1682
succeeded!!! 1683
succeeded!!! 1684
succeeded!!! 1685
succeeded!!! 1686
succeeded!!! 1687
succeeded!!! 1688
succeeded!!! 1689
succeeded!!! 1690
succeeded!!! 1691
succeeded!!! 1692
succeeded!!! 1693
succeeded!!! 1694
succeeded!!! 1695
succeeded!!! 1696
succeeded!!! 1697
succeeded!!! 1698
succeeded!!! 1699
succeeded!!! 1700
succeeded!!! 1701
succeeded!!! 1702
succeeded!!! 1703
succeeded!!! 1704
succeeded!!! 1705
succeeded!!! 1706
succeeded!!! 1707
succeeded!!! 1708
succeeded!!! 1709
succeeded!!! 1710
succeeded!!! 1711
succeeded!!! 1712
succeeded!!! 1713
succeeded!!! 1714
succeeded!!! 1715
succeeded!!! 1716
succeeded!!! 1717
succeeded!!! 1718
succeeded!!! 1719
succeeded!!! 1720
succeeded!!! 1721
succeeded!!! 1722
succeeded!!! 1723
succeeded!!! 1724
succeeded!!! 1725
succeeded!!! 1726
succeeded!!! 1727
succeeded!!! 1728
succeeded!!! 1729
succeeded!!! 1730
succeeded!!! 1731
succeeded!!! 1732
succeeded!!! 1733
succeeded!!! 1734
succeeded!!! 1735
succeeded!!! 1736
succeeded!!! 1737
succeeded!!! 1738
succeeded!!! 1739
succeeded!!! 1740
succeeded!!! 1741
succeeded!!! 1742
succeeded!!! 1743
succeeded!!! 1744
succeeded!!! 1745
succeeded!!! 1746
succeeded!!! 1747
succeeded!!! 1748
succeeded!!! 1749
succeeded!!! 1750
succeeded!!! 1751
succeeded!!! 1752
succeeded!!! 1753
succeeded!!! 1754
succeeded!!! 1755
succeeded!!! 1756
succeeded!!! 1757
succeeded!!! 1758
succeeded!!! 1759
succeeded!!! 1760
succeeded!!! 1761
succeeded!!! 1762
succeeded!!! 1763
succeeded!!! 1764
succeeded!!! 1765
succeeded!!! 1766
succeeded!!! 1767
succeeded!!! 1768
succeeded!!! 1769
succeeded!!! 1770
succeeded!!! 1771
succeeded!!! 1772
succeeded!!! 1773
succeeded!!! 1774
succeeded!!! 1775
succeeded!!! 1776
succeeded!!! 1777
succeeded!!! 1778
succeeded!!! 1779
succeeded!!! 1780
succeeded!!! 1781
succeeded!!! 1782
succeeded!!! 1783
succeeded!!! 1784
succeeded!!! 1785
succeeded!!! 1786
succeeded!!! 1787
succeeded!!! 1788
succeeded!!! 1789
succeeded!!! 1790
succeeded!!! 1791
succeeded!!! 1792
succeeded!!! 1793
succeeded!!! 1794
succeeded!!! 1795
succeeded!!! 1796
succeeded!!! 1797
succeeded!!! 1798
succeeded!!! 1799
succeeded!!! 1800
succeeded!!! 1801
succeeded!!! 1802
succeeded!!! 1803
succeeded!!! 1804
succeeded!!! 1805
succeeded!!! 1806
succeeded!!! 1807
succeeded!!! 1808
succeeded!!! 1809
succeeded!!! 1810
succeeded!!! 1811
succeeded!!! 1812
succeeded!!! 1813
succeeded!!! 1814
succeeded!!! 1815
succeeded!!! 1816
succeeded!!! 1817
succeeded!!! 1818
succeeded!!! 1819
succeeded!!! 1820
succeeded!!! 1821
succeeded!!! 1822
succeeded!!! 1823
succeeded!!! 1824
succeeded!!! 1825
succeeded!!! 1826
succeeded!!! 1827
succeeded!!! 1828
succeeded!!! 1829
succeeded!!! 1830
succeeded!!! 1831
succeeded!!! 1832
succeeded!!! 1833
succeeded!!! 1834
succeeded!!! 1835
succeeded!!! 1836
succeeded!!! 1837
succeeded!!! 1838
succeeded!!! 1839
succeeded!!! 1840
succeeded!!! 1841
succeeded!!! 1842
succeeded!!! 1843
succeeded!!! 1844
succeeded!!! 1845
succeeded!!! 1846
succeeded!!! 1847
succeeded!!! 1848
succeeded!!! 1849
succeeded!!! 1850
succeeded!!! 1851
succeeded!!! 1852
succeeded!!! 1853
succeeded!!! 1854
succeeded!!! 1855
succeeded!!! 1856
succeeded!!! 1857
succeeded!!! 1858
succeeded!!! 1859
succeeded!!! 1860
succeeded!!! 1861
succeeded!!! 1862
succeeded!!! 1863
succeeded!!! 1864
succeeded!!! 1865
succeeded!!! 1866
succeeded!!! 1867
succeeded!!! 1868
succeeded!!! 1869
succeeded!!! 1870
succeeded!!! 1871
succeeded!!! 1872
succeeded!!! 1873
succeeded!!! 1874
succeeded!!! 1875
succeeded!!! 1876
succeeded!!! 1877
succeeded!!! 1878
succeeded!!! 1879
succeeded!!! 1880
succeeded!!! 1881
succeeded!!! 1882
succeeded!!! 1883
succeeded!!! 1884
succeeded!!! 1885
succeeded!!! 1886
succeeded!!! 1887
succeeded!!! 1888
succeeded!!! 1889
succeeded!!! 1890
succeeded!!! 1891
succeeded!!! 1892
succeeded!!! 1893
succeeded!!! 1894
succeeded!!! 1895
succeeded!!! 1896
succeeded!!! 1897
succeeded!!! 1898
succeeded!!! 1899
succeeded!!! 1900
succeeded!!! 1901
succeeded!!! 1902
succeeded!!! 1903
succeeded!!! 1904
succeeded!!! 1905
succeeded!!! 1906
succeeded!!! 1907
succeeded!!! 1908
succeeded!!! 1909
succeeded!!! 1910
succeeded!!! 1911
succeeded!!! 1912
succeeded!!! 1913
succeeded!!! 1914
succeeded!!! 1915
succeeded!!! 1916
succeeded!!! 1917
succeeded!!! 1918
succeeded!!! 1919
succeeded!!! 1920
succeeded!!! 1921
succeeded!!! 1922
succeeded!!! 1923
succeeded!!! 1924
succeeded!!! 1925
succeeded!!! 1926
succeeded!!! 1927
succeeded!!! 1928
succeeded!!! 1929
succeeded!!! 1930
succeeded!!! 1931
succeeded!!! 1932
succeeded!!! 1933
succeeded!!! 1934
succeeded!!! 1935
succeeded!!! 1936
succeeded!!! 1937
succeeded!!! 1938
succeeded!!! 1939
succeeded!!! 1940
succeeded!!! 1941
succeeded!!! 1942
succeeded!!! 1943
succeeded!!! 1944
succeeded!!! 1945
succeeded!!! 1946
succeeded!!! 1947
succeeded!!! 1948
succeeded!!! 1949
succeeded!!! 1950
succeeded!!! 1951
succeeded!!! 1952
succeeded!!! 1953
succeeded!!! 1954
succeeded!!! 1955
succeeded!!! 1956
succeeded!!! 1957
succeeded!!! 1958
succeeded!!! 1959
succeeded!!! 1960
succeeded!!! 1961
succeeded!!! 1962
succeeded!!! 1963
succeeded!!! 1964
succeeded!!! 1965
succeeded!!! 1966
succeeded!!! 1967
succeeded!!! 1968
succeeded!!! 1969
succeeded!!! 1970
succeeded!!! 1971
succeeded!!! 1972
succeeded!!! 1973
succeeded!!! 1974
succeeded!!! 1975
succeeded!!! 1976
succeeded!!! 1977
succeeded!!! 1978
succeeded!!! 1979
succeeded!!! 1980
succeeded!!! 1981
succeeded!!! 1982
succeeded!!! 1983
succeeded!!! 1984
succeeded!!! 1985
succeeded!!! 1986
succeeded!!! 1987
succeeded!!! 1988
succeeded!!! 1989
succeeded!!! 1990
succeeded!!! 1991
succeeded!!! 1992
succeeded!!! 1993
succeeded!!! 1994
succeeded!!! 1995
succeeded!!! 1996
succeeded!!! 1997
succeeded!!! 1998
succeeded!!! 1999
succeeded!!! 2000
succeeded!!! 2001
succeeded!!! 2002
succeeded!!! 2003
succeeded!!! 2004
succeeded!!! 2005
succeeded!!! 2006
succeeded!!! 2007
succeeded!!! 2008
succeeded!!! 2009
succeeded!!! 2010
succeeded!!! 2011
succeeded!!! 2012
succeeded!!! 2013
succeeded!!! 2014
succeeded!!! 2015
succeeded!!! 2016
succeeded!!! 2017
succeeded!!! 2018
succeeded!!! 2019
succeeded!!! 2020
succeeded!!! 2021
succeeded!!! 2022
succeeded!!! 2023
succeeded!!! 2024
succeeded!!! 2025
succeeded!!! 2026
succeeded!!! 2027
succeeded!!! 2028
succeeded!!! 2029
succeeded!!! 2030
succeeded!!! 2031
succeeded!!! 2032
succeeded!!! 2033
succeeded!!! 2034
succeeded!!! 2035
succeeded!!! 2036
succeeded!!! 2037
succeeded!!! 2038
succeeded!!! 2039
succeeded!!! 2040
succeeded!!! 2041
succeeded!!! 2042
succeeded!!! 2043
succeeded!!! 2044
succeeded!!! 2045
succeeded!!! 2046
succeeded!!! 2047
succeeded!!! 2048
succeeded!!! 2049
succeeded!!! 2050
succeeded!!! 2051
succeeded!!! 2052
succeeded!!! 2053
succeeded!!! 2054
succeeded!!! 2055
succeeded!!! 2056
succeeded!!! 2057
succeeded!!! 2058
succeeded!!! 2059
succeeded!!! 2060
succeeded!!! 2061
succeeded!!! 2062
succeeded!!! 2063
succeeded!!! 2064
succeeded!!! 2065
succeeded!!! 2066
sucess 2066, fail 0
